Copyright 1986-2018 Xilinx, Inc. All Rights Reserved.
---------------------------------------------------------------------------------------------
| Tool Version : Vivado v.2018.2 (win64) Build 2258646 Thu Jun 14 20:03:12 MDT 2018
| Date         : Fri May  8 14:34:17 2026
| Host         : DESKTOP-HM5HD61 running 64-bit major release  (build 9200)
| Command      : report_control_sets -verbose -file design_1_wrapper_control_sets_placed.rpt
| Design       : design_1_wrapper
| Device       : xc7z010
---------------------------------------------------------------------------------------------

Control Set Information

Table of Contents
-----------------
1. Summary
2. Histogram
3. Flip-Flop Distribution
4. Detailed Control Set Information

1. Summary
----------

+----------------------------------------------------------+-------+
|                          Status                          | Count |
+----------------------------------------------------------+-------+
| Number of unique control sets                            |   262 |
| Unused register locations in slices containing registers |     6 |
+----------------------------------------------------------+-------+


2. Histogram
------------

+--------+--------------+
| Fanout | Control Sets |
+--------+--------------+
|    16+ |          262 |
+--------+--------------+


3. Flip-Flop Distribution
-------------------------

+--------------+-----------------------+------------------------+-----------------+--------------+
| Clock Enable | Synchronous Set/Reset | Asynchronous Set/Reset | Total Registers | Total Slices |
+--------------+-----------------------+------------------------+-----------------+--------------+
| No           | No                    | No                     |               0 |            0 |
| No           | No                    | Yes                    |             128 |           23 |
| No           | Yes                   | No                     |               0 |            0 |
| Yes          | No                    | No                     |            4112 |          766 |
| Yes          | No                    | Yes                    |              66 |           11 |
| Yes          | Yes                   | No                     |               0 |            0 |
+--------------+-----------------------+------------------------+-----------------+--------------+


4. Detailed Control Set Information
-----------------------------------

+-------------------------------------------------+----------------------------------------------------------------+--------------------------------------------------------------+------------------+----------------+
|                   Clock Signal                  |                          Enable Signal                         |                       Set/Reset Signal                       | Slice Load Count | Bel Load Count |
+-------------------------------------------------+----------------------------------------------------------------+--------------------------------------------------------------+------------------+----------------+
|  design_1_i/processing_system7_0/inst/FCLK_CLK0 | design_1_i/top_blink_0/inst/uart_rx_inst/rx_buf_reg[187][0][0] |                                                              |                3 |             16 |
|  design_1_i/processing_system7_0/inst/FCLK_CLK0 | design_1_i/top_blink_0/inst/uart_rx_inst/rx_buf_reg[177][0][0] |                                                              |                2 |             16 |
|  design_1_i/processing_system7_0/inst/FCLK_CLK0 | design_1_i/top_blink_0/inst/uart_rx_inst/rx_buf_reg[166][0][0] |                                                              |                4 |             16 |
|  design_1_i/processing_system7_0/inst/FCLK_CLK0 | design_1_i/top_blink_0/inst/uart_rx_inst/rx_buf_reg[173][0][0] |                                                              |                5 |             16 |
|  design_1_i/processing_system7_0/inst/FCLK_CLK0 | design_1_i/top_blink_0/inst/uart_rx_inst/rx_buf_reg[174][0][0] |                                                              |                6 |             16 |
|  design_1_i/processing_system7_0/inst/FCLK_CLK0 | design_1_i/top_blink_0/inst/uart_rx_inst/rx_buf_reg[16][0][0]  |                                                              |                2 |             16 |
|  design_1_i/processing_system7_0/inst/FCLK_CLK0 | design_1_i/top_blink_0/inst/uart_rx_inst/rx_buf_reg[172][0][0] |                                                              |                3 |             16 |
|  design_1_i/processing_system7_0/inst/FCLK_CLK0 | design_1_i/top_blink_0/inst/uart_rx_inst/rx_buf_reg[179][0][0] |                                                              |                2 |             16 |
|  design_1_i/processing_system7_0/inst/FCLK_CLK0 | design_1_i/top_blink_0/inst/uart_rx_inst/rx_buf_reg[175][0][0] |                                                              |                5 |             16 |
|  design_1_i/processing_system7_0/inst/FCLK_CLK0 | design_1_i/top_blink_0/inst/uart_rx_inst/rx_buf_reg[164][7][0] |                                                              |                3 |             16 |
|  design_1_i/processing_system7_0/inst/FCLK_CLK0 | design_1_i/top_blink_0/inst/uart_rx_inst/rx_buf_reg[167][0][0] |                                                              |                3 |             16 |
|  design_1_i/processing_system7_0/inst/FCLK_CLK0 | design_1_i/top_blink_0/inst/uart_rx_inst/rx_buf_reg[169][0][0] |                                                              |                2 |             16 |
|  design_1_i/processing_system7_0/inst/FCLK_CLK0 | design_1_i/top_blink_0/inst/uart_rx_inst/rx_buf_reg[171][0][0] |                                                              |                3 |             16 |
|  design_1_i/processing_system7_0/inst/FCLK_CLK0 | design_1_i/top_blink_0/inst/uart_rx_inst/rx_buf_reg[178][7][0] |                                                              |                3 |             16 |
|  design_1_i/processing_system7_0/inst/FCLK_CLK0 | design_1_i/top_blink_0/inst/uart_rx_inst/rx_buf_reg[181][7][0] |                                                              |                2 |             16 |
|  design_1_i/processing_system7_0/inst/FCLK_CLK0 | design_1_i/top_blink_0/inst/uart_rx_inst/rx_buf_reg[182][0][0] |                                                              |                3 |             16 |
|  design_1_i/processing_system7_0/inst/FCLK_CLK0 | design_1_i/top_blink_0/inst/uart_rx_inst/rx_buf_reg[176][0][0] |                                                              |                5 |             16 |
|  design_1_i/processing_system7_0/inst/FCLK_CLK0 | design_1_i/top_blink_0/inst/uart_rx_inst/rx_buf_reg[165][0][0] |                                                              |                2 |             16 |
|  design_1_i/processing_system7_0/inst/FCLK_CLK0 | design_1_i/top_blink_0/inst/uart_rx_inst/rx_buf_reg[168][0][0] |                                                              |                4 |             16 |
|  design_1_i/processing_system7_0/inst/FCLK_CLK0 | design_1_i/top_blink_0/inst/uart_rx_inst/rx_buf_reg[180][0][0] |                                                              |                2 |             16 |
|  design_1_i/processing_system7_0/inst/FCLK_CLK0 | design_1_i/top_blink_0/inst/uart_rx_inst/rx_buf_reg[17][0][0]  |                                                              |                1 |             16 |
|  design_1_i/processing_system7_0/inst/FCLK_CLK0 | design_1_i/top_blink_0/inst/uart_rx_inst/rx_buf_reg[170][0][0] |                                                              |                4 |             16 |
|  design_1_i/processing_system7_0/inst/FCLK_CLK0 | design_1_i/top_blink_0/inst/uart_rx_inst/rx_buf_reg[191][0][0] |                                                              |                6 |             16 |
|  design_1_i/processing_system7_0/inst/FCLK_CLK0 | design_1_i/top_blink_0/inst/uart_rx_inst/rx_buf_reg[195][7][0] |                                                              |                3 |             16 |
|  design_1_i/processing_system7_0/inst/FCLK_CLK0 | design_1_i/top_blink_0/inst/uart_rx_inst/rx_buf_reg[198][7][0] |                                                              |                2 |             16 |
|  design_1_i/processing_system7_0/inst/FCLK_CLK0 | design_1_i/top_blink_0/inst/uart_rx_inst/rx_buf_reg[192][0][0] |                                                              |                3 |             16 |
|  design_1_i/processing_system7_0/inst/FCLK_CLK0 | design_1_i/top_blink_0/inst/uart_rx_inst/rx_buf_reg[201][0][0] |                                                              |                4 |             16 |
|  design_1_i/processing_system7_0/inst/FCLK_CLK0 | design_1_i/top_blink_0/inst/uart_rx_inst/rx_buf_reg[188][0][0] |                                                              |                2 |             16 |
|  design_1_i/processing_system7_0/inst/FCLK_CLK0 | design_1_i/top_blink_0/inst/uart_rx_inst/rx_buf_reg[18][7][0]  |                                                              |                2 |             16 |
|  design_1_i/processing_system7_0/inst/FCLK_CLK0 | design_1_i/top_blink_0/inst/uart_rx_inst/rx_buf_reg[1][0][0]   |                                                              |                1 |             16 |
|  design_1_i/processing_system7_0/inst/FCLK_CLK0 | design_1_i/top_blink_0/inst/uart_rx_inst/rx_buf_reg[200][0][0] |                                                              |                3 |             16 |
|  design_1_i/processing_system7_0/inst/FCLK_CLK0 | design_1_i/top_blink_0/inst/uart_rx_inst/rx_buf_reg[19][0][0]  |                                                              |                2 |             16 |
|  design_1_i/processing_system7_0/inst/FCLK_CLK0 | design_1_i/top_blink_0/inst/uart_rx_inst/rx_buf_reg[207][0][0] |                                                              |                2 |             16 |
|  design_1_i/processing_system7_0/inst/FCLK_CLK0 | design_1_i/top_blink_0/inst/uart_rx_inst/rx_buf_reg[196][0][0] |                                                              |                1 |             16 |
|  design_1_i/processing_system7_0/inst/FCLK_CLK0 | design_1_i/top_blink_0/inst/uart_rx_inst/rx_buf_reg[189][0][0] |                                                              |                4 |             16 |
|  design_1_i/processing_system7_0/inst/FCLK_CLK0 | design_1_i/top_blink_0/inst/uart_rx_inst/rx_buf_reg[199][0][0] |                                                              |                4 |             16 |
|  design_1_i/processing_system7_0/inst/FCLK_CLK0 | design_1_i/top_blink_0/inst/uart_rx_inst/rx_buf_reg[194][0][0] |                                                              |                4 |             16 |
|  design_1_i/processing_system7_0/inst/FCLK_CLK0 | design_1_i/top_blink_0/inst/uart_rx_inst/rx_buf_reg[183][0][0] |                                                              |                2 |             16 |
|  design_1_i/processing_system7_0/inst/FCLK_CLK0 | design_1_i/top_blink_0/inst/uart_rx_inst/rx_buf_reg[185][0][0] |                                                              |                3 |             16 |
|  design_1_i/processing_system7_0/inst/FCLK_CLK0 | design_1_i/top_blink_0/inst/uart_rx_inst/rx_buf_reg[197][0][0] |                                                              |                2 |             16 |
|  design_1_i/processing_system7_0/inst/FCLK_CLK0 | design_1_i/top_blink_0/inst/uart_rx_inst/rx_buf_reg[184][0][0] |                                                              |                3 |             16 |
|  design_1_i/processing_system7_0/inst/FCLK_CLK0 | design_1_i/top_blink_0/inst/uart_rx_inst/rx_buf_reg[186][0][0] |                                                              |                2 |             16 |
|  design_1_i/processing_system7_0/inst/FCLK_CLK0 | design_1_i/top_blink_0/inst/uart_rx_inst/rx_buf_reg[190][0][0] |                                                              |                2 |             16 |
|  design_1_i/processing_system7_0/inst/FCLK_CLK0 | design_1_i/top_blink_0/inst/uart_rx_inst/rx_buf_reg[193][0][0] |                                                              |                1 |             16 |
|  design_1_i/processing_system7_0/inst/FCLK_CLK0 | design_1_i/top_blink_0/inst/uart_rx_inst/rx_buf_reg[210][0][0] |                                                              |                1 |             16 |
|  design_1_i/processing_system7_0/inst/FCLK_CLK0 | design_1_i/top_blink_0/inst/uart_rx_inst/rx_buf_reg[208][0][0] |                                                              |                2 |             16 |
|  design_1_i/processing_system7_0/inst/FCLK_CLK0 | design_1_i/top_blink_0/inst/uart_rx_inst/rx_buf_reg[218][7][0] |                                                              |                2 |             16 |
|  design_1_i/processing_system7_0/inst/FCLK_CLK0 | design_1_i/top_blink_0/inst/uart_rx_inst/rx_buf_reg[21][0][0]  |                                                              |                2 |             16 |
|  design_1_i/processing_system7_0/inst/FCLK_CLK0 | design_1_i/top_blink_0/inst/uart_rx_inst/rx_buf_reg[216][0][0] |                                                              |                1 |             16 |
|  design_1_i/processing_system7_0/inst/FCLK_CLK0 | design_1_i/top_blink_0/inst/uart_rx_inst/rx_buf_reg[205][0][0] |                                                              |                2 |             16 |
|  design_1_i/processing_system7_0/inst/FCLK_CLK0 | design_1_i/top_blink_0/inst/uart_rx_inst/rx_buf_reg[206][7][0] |                                                              |                4 |             16 |
|  design_1_i/processing_system7_0/inst/FCLK_CLK0 | design_1_i/top_blink_0/inst/uart_rx_inst/rx_buf_reg[209][0][0] |                                                              |                3 |             16 |
|  design_1_i/processing_system7_0/inst/FCLK_CLK0 | design_1_i/top_blink_0/inst/uart_rx_inst/rx_buf_reg[215][7][0] |                                                              |                5 |             16 |
|  design_1_i/processing_system7_0/inst/FCLK_CLK0 | design_1_i/top_blink_0/inst/uart_rx_inst/rx_buf_reg[213][0][0] |                                                              |                3 |             16 |
|  design_1_i/processing_system7_0/inst/FCLK_CLK0 | design_1_i/top_blink_0/inst/uart_rx_inst/rx_buf_reg[219][0][0] |                                                              |                4 |             16 |
|  design_1_i/processing_system7_0/inst/FCLK_CLK0 | design_1_i/top_blink_0/inst/uart_rx_inst/rx_buf_reg[220][0][0] |                                                              |                3 |             16 |
|  design_1_i/processing_system7_0/inst/FCLK_CLK0 | design_1_i/top_blink_0/inst/uart_rx_inst/rx_buf_reg[203][7][0] |                                                              |                1 |             16 |
|  design_1_i/processing_system7_0/inst/FCLK_CLK0 | design_1_i/top_blink_0/inst/uart_rx_inst/rx_buf_reg[217][0][0] |                                                              |                4 |             16 |
|  design_1_i/processing_system7_0/inst/FCLK_CLK0 | design_1_i/top_blink_0/inst/uart_rx_inst/rx_buf_reg[202][0][0] |                                                              |                3 |             16 |
|  design_1_i/processing_system7_0/inst/FCLK_CLK0 | design_1_i/top_blink_0/inst/uart_rx_inst/rx_buf_reg[211][7][0] |                                                              |                1 |             16 |
|  design_1_i/processing_system7_0/inst/FCLK_CLK0 | design_1_i/top_blink_0/inst/uart_rx_inst/rx_buf_reg[20][0][0]  |                                                              |                1 |             16 |
|  design_1_i/processing_system7_0/inst/FCLK_CLK0 | design_1_i/top_blink_0/inst/uart_rx_inst/rx_buf_reg[212][0][0] |                                                              |                1 |             16 |
|  design_1_i/processing_system7_0/inst/FCLK_CLK0 | design_1_i/top_blink_0/inst/uart_rx_inst/rx_buf_reg[214][7][0] |                                                              |                2 |             16 |
|  design_1_i/processing_system7_0/inst/FCLK_CLK0 | design_1_i/top_blink_0/inst/uart_rx_inst/rx_buf_reg[204][0][0] |                                                              |                5 |             16 |
|  design_1_i/processing_system7_0/inst/FCLK_CLK0 | design_1_i/top_blink_0/inst/uart_rx_inst/rx_buf_reg[163][0][0] |                                                              |                3 |             16 |
|  design_1_i/processing_system7_0/inst/FCLK_CLK0 | design_1_i/top_blink_0/inst/uart_rx_inst/rx_buf_reg[239][0][0] |                                                              |                7 |             16 |
|  design_1_i/processing_system7_0/inst/FCLK_CLK0 | design_1_i/top_blink_0/inst/uart_rx_inst/rx_buf_reg[23][0][0]  |                                                              |                1 |             16 |
|  design_1_i/processing_system7_0/inst/FCLK_CLK0 | design_1_i/top_blink_0/inst/uart_rx_inst/rx_buf_reg[222][7][0] |                                                              |                2 |             16 |
|  design_1_i/processing_system7_0/inst/FCLK_CLK0 | design_1_i/top_blink_0/inst/uart_rx_inst/rx_buf_reg[22][7][0]  |                                                              |                3 |             16 |
|  design_1_i/processing_system7_0/inst/FCLK_CLK0 | design_1_i/top_blink_0/inst/uart_rx_inst/rx_buf_reg[226][0][0] |                                                              |                4 |             16 |
|  design_1_i/processing_system7_0/inst/FCLK_CLK0 | design_1_i/top_blink_0/inst/uart_rx_inst/rx_buf_reg[232][0][0] |                                                              |                3 |             16 |
|  design_1_i/processing_system7_0/inst/FCLK_CLK0 | design_1_i/top_blink_0/inst/uart_rx_inst/rx_buf_reg[236][7][0] |                                                              |                4 |             16 |
|  design_1_i/processing_system7_0/inst/FCLK_CLK0 | design_1_i/top_blink_0/inst/uart_rx_inst/rx_buf_reg[237][0][0] |                                                              |                4 |             16 |
|  design_1_i/processing_system7_0/inst/FCLK_CLK0 | design_1_i/top_blink_0/inst/uart_rx_inst/rx_buf_reg[228][7][0] |                                                              |                4 |             16 |
|  design_1_i/processing_system7_0/inst/FCLK_CLK0 | design_1_i/top_blink_0/inst/uart_rx_inst/rx_buf_reg[223][7][0] |                                                              |                3 |             16 |
|  design_1_i/processing_system7_0/inst/FCLK_CLK0 | design_1_i/top_blink_0/inst/uart_rx_inst/rx_buf_reg[224][7][0] |                                                              |                4 |             16 |
|  design_1_i/processing_system7_0/inst/FCLK_CLK0 | design_1_i/top_blink_0/inst/uart_rx_inst/rx_buf_reg[225][0][0] |                                                              |                4 |             16 |
|  design_1_i/processing_system7_0/inst/FCLK_CLK0 | design_1_i/top_blink_0/inst/uart_rx_inst/rx_buf_reg[230][0][0] |                                                              |                3 |             16 |
|  design_1_i/processing_system7_0/inst/FCLK_CLK0 | design_1_i/top_blink_0/inst/uart_rx_inst/rx_buf_reg[229][0][0] |                                                              |                4 |             16 |
|  design_1_i/processing_system7_0/inst/FCLK_CLK0 | design_1_i/top_blink_0/inst/uart_rx_inst/rx_buf_reg[234][0][0] |                                                              |                6 |             16 |
|  design_1_i/processing_system7_0/inst/FCLK_CLK0 | design_1_i/top_blink_0/inst/uart_rx_inst/rx_buf_reg[235][0][0] |                                                              |                2 |             16 |
|  design_1_i/processing_system7_0/inst/FCLK_CLK0 | design_1_i/top_blink_0/inst/uart_rx_inst/rx_buf_reg[238][0][0] |                                                              |                7 |             16 |
|  design_1_i/processing_system7_0/inst/FCLK_CLK0 | design_1_i/top_blink_0/inst/uart_rx_inst/rx_buf_reg[227][0][0] |                                                              |                4 |             16 |
|  design_1_i/processing_system7_0/inst/FCLK_CLK0 | design_1_i/top_blink_0/inst/uart_rx_inst/rx_buf_reg[233][0][0] |                                                              |                4 |             16 |
|  design_1_i/processing_system7_0/inst/FCLK_CLK0 | design_1_i/top_blink_0/inst/uart_rx_inst/rx_buf_reg[221][7][0] |                                                              |                4 |             16 |
|  design_1_i/processing_system7_0/inst/FCLK_CLK0 | design_1_i/top_blink_0/inst/uart_rx_inst/rx_buf_reg[231][0][0] |                                                              |                1 |             16 |
|  design_1_i/processing_system7_0/inst/FCLK_CLK0 | design_1_i/top_blink_0/inst/uart_rx_inst/rx_buf_reg[27][0][0]  |                                                              |                3 |             16 |
|  design_1_i/processing_system7_0/inst/FCLK_CLK0 | design_1_i/top_blink_0/inst/uart_rx_inst/rx_buf_reg[28][0][0]  |                                                              |                4 |             16 |
|  design_1_i/processing_system7_0/inst/FCLK_CLK0 | design_1_i/top_blink_0/inst/uart_rx_inst/rx_buf_reg[29][0][0]  |                                                              |                4 |             16 |
|  design_1_i/processing_system7_0/inst/FCLK_CLK0 | design_1_i/top_blink_0/inst/uart_rx_inst/rx_buf_reg[250][0][0] |                                                              |                1 |             16 |
|  design_1_i/processing_system7_0/inst/FCLK_CLK0 | design_1_i/top_blink_0/inst/uart_rx_inst/rx_buf_reg[252][0][0] |                                                              |                3 |             16 |
|  design_1_i/processing_system7_0/inst/FCLK_CLK0 | design_1_i/top_blink_0/inst/uart_rx_inst/rx_buf_reg[247][0][0] |                                                              |                3 |             16 |
|  design_1_i/processing_system7_0/inst/FCLK_CLK0 | design_1_i/top_blink_0/inst/uart_rx_inst/rx_buf_reg[242][0][0] |                                                              |                3 |             16 |
|  design_1_i/processing_system7_0/inst/FCLK_CLK0 | design_1_i/top_blink_0/inst/uart_rx_inst/rx_buf_reg[243][0][0] |                                                              |                1 |             16 |
|  design_1_i/processing_system7_0/inst/FCLK_CLK0 | design_1_i/top_blink_0/inst/uart_rx_inst/rx_buf_reg[241][0][0] |                                                              |                3 |             16 |
|  design_1_i/processing_system7_0/inst/FCLK_CLK0 | design_1_i/top_blink_0/inst/uart_rx_inst/rx_buf_reg[249][7][0] |                                                              |                3 |             16 |
|  design_1_i/processing_system7_0/inst/FCLK_CLK0 | design_1_i/top_blink_0/inst/uart_rx_inst/rx_buf_reg[253][0][0] |                                                              |                3 |             16 |
|  design_1_i/processing_system7_0/inst/FCLK_CLK0 | design_1_i/top_blink_0/inst/uart_rx_inst/rx_buf_reg[251][0][0] |                                                              |                5 |             16 |
|  design_1_i/processing_system7_0/inst/FCLK_CLK0 | design_1_i/top_blink_0/inst/uart_rx_inst/rx_buf_reg[240][7][0] |                                                              |                1 |             16 |
|  design_1_i/processing_system7_0/inst/FCLK_CLK0 | design_1_i/top_blink_0/inst/uart_rx_inst/rx_buf_reg[244][7][0] |                                                              |                2 |             16 |
|  design_1_i/processing_system7_0/inst/FCLK_CLK0 | design_1_i/top_blink_0/inst/uart_rx_inst/rx_buf_reg[246][0][0] |                                                              |                2 |             16 |
|  design_1_i/processing_system7_0/inst/FCLK_CLK0 | design_1_i/top_blink_0/inst/uart_rx_inst/rx_buf_reg[245][0][0] |                                                              |                3 |             16 |
|  design_1_i/processing_system7_0/inst/FCLK_CLK0 | design_1_i/top_blink_0/inst/uart_rx_inst/rx_buf_reg[24][0][0]  |                                                              |                1 |             16 |
|  design_1_i/processing_system7_0/inst/FCLK_CLK0 | design_1_i/top_blink_0/inst/uart_rx_inst/rx_buf_reg[254][0][0] |                                                              |                6 |             16 |
|  design_1_i/processing_system7_0/inst/FCLK_CLK0 | design_1_i/top_blink_0/inst/uart_rx_inst/rx_buf_reg[255][0][0] |                                                              |                5 |             16 |
|  design_1_i/processing_system7_0/inst/FCLK_CLK0 | design_1_i/top_blink_0/inst/uart_rx_inst/rx_buf_reg[248][0][0] |                                                              |                3 |             16 |
|  design_1_i/processing_system7_0/inst/FCLK_CLK0 | design_1_i/top_blink_0/inst/uart_rx_inst/rx_buf_reg[25][0][0]  |                                                              |                7 |             16 |
|  design_1_i/processing_system7_0/inst/FCLK_CLK0 | design_1_i/top_blink_0/inst/uart_rx_inst/rx_buf_reg[26][0][0]  |                                                              |                2 |             16 |
|  design_1_i/processing_system7_0/inst/FCLK_CLK0 | design_1_i/top_blink_0/inst/uart_rx_inst/rx_buf_reg[44][0][0]  |                                                              |                3 |             16 |
|  design_1_i/processing_system7_0/inst/FCLK_CLK0 | design_1_i/top_blink_0/inst/uart_rx_inst/rx_buf_reg[38][0][0]  |                                                              |                1 |             16 |
|  design_1_i/processing_system7_0/inst/FCLK_CLK0 | design_1_i/top_blink_0/inst/uart_rx_inst/rx_buf_reg[40][0][0]  |                                                              |                1 |             16 |
|  design_1_i/processing_system7_0/inst/FCLK_CLK0 | design_1_i/top_blink_0/inst/uart_rx_inst/rx_buf_reg[36][0][0]  |                                                              |                2 |             16 |
|  design_1_i/processing_system7_0/inst/FCLK_CLK0 | design_1_i/top_blink_0/inst/uart_rx_inst/rx_buf_reg[45][0][0]  |                                                              |                6 |             16 |
|  design_1_i/processing_system7_0/inst/FCLK_CLK0 | design_1_i/top_blink_0/inst/uart_rx_inst/rx_buf_reg[46][0][0]  |                                                              |                8 |             16 |
|  design_1_i/processing_system7_0/inst/FCLK_CLK0 | design_1_i/top_blink_0/inst/uart_rx_inst/rx_buf_reg[32][0][0]  |                                                              |                3 |             16 |
|  design_1_i/processing_system7_0/inst/FCLK_CLK0 | design_1_i/top_blink_0/inst/uart_rx_inst/rx_buf_reg[39][0][0]  |                                                              |                2 |             16 |
|  design_1_i/processing_system7_0/inst/FCLK_CLK0 | design_1_i/top_blink_0/inst/uart_rx_inst/rx_buf_reg[47][7][0]  |                                                              |                5 |             16 |
|  design_1_i/processing_system7_0/inst/FCLK_CLK0 | design_1_i/top_blink_0/inst/uart_rx_inst/rx_buf_reg[3][0][0]   |                                                              |                1 |             16 |
|  design_1_i/processing_system7_0/inst/FCLK_CLK0 | design_1_i/top_blink_0/inst/uart_rx_inst/rx_buf_reg[48][0][0]  |                                                              |                2 |             16 |
|  design_1_i/processing_system7_0/inst/FCLK_CLK0 | design_1_i/top_blink_0/inst/uart_rx_inst/rx_buf_reg[31][0][0]  |                                                              |                5 |             16 |
|  design_1_i/processing_system7_0/inst/FCLK_CLK0 | design_1_i/top_blink_0/inst/uart_rx_inst/rx_buf_reg[49][0][0]  |                                                              |                4 |             16 |
|  design_1_i/processing_system7_0/inst/FCLK_CLK0 | design_1_i/top_blink_0/inst/uart_rx_inst/rx_buf_reg[41][0][0]  |                                                              |                1 |             16 |
|  design_1_i/processing_system7_0/inst/FCLK_CLK0 | design_1_i/top_blink_0/inst/uart_rx_inst/rx_buf_reg[30][0][0]  |                                                              |                6 |             16 |
|  design_1_i/processing_system7_0/inst/FCLK_CLK0 | design_1_i/top_blink_0/inst/uart_rx_inst/rx_buf_reg[42][0][0]  |                                                              |                2 |             16 |
|  design_1_i/processing_system7_0/inst/FCLK_CLK0 | design_1_i/top_blink_0/inst/uart_rx_inst/rx_buf_reg[2][0][0]   |                                                              |                4 |             16 |
|  design_1_i/processing_system7_0/inst/FCLK_CLK0 | design_1_i/top_blink_0/inst/uart_rx_inst/rx_buf_reg[33][0][0]  |                                                              |                1 |             16 |
|  design_1_i/processing_system7_0/inst/FCLK_CLK0 | design_1_i/top_blink_0/inst/uart_rx_inst/rx_buf_reg[35][0][0]  |                                                              |                2 |             16 |
|  design_1_i/processing_system7_0/inst/FCLK_CLK0 | design_1_i/top_blink_0/inst/uart_rx_inst/rx_buf_reg[37][0][0]  |                                                              |                4 |             16 |
|  design_1_i/processing_system7_0/inst/FCLK_CLK0 | design_1_i/top_blink_0/inst/uart_rx_inst/rx_buf_reg[43][0][0]  |                                                              |                5 |             16 |
|  design_1_i/processing_system7_0/inst/FCLK_CLK0 | design_1_i/top_blink_0/inst/uart_rx_inst/rx_buf_reg[60][0][0]  |                                                              |                5 |             16 |
|  design_1_i/processing_system7_0/inst/FCLK_CLK0 | design_1_i/top_blink_0/inst/uart_rx_inst/rx_buf_reg[56][0][0]  |                                                              |                1 |             16 |
|  design_1_i/processing_system7_0/inst/FCLK_CLK0 | design_1_i/top_blink_0/inst/uart_rx_inst/rx_buf_reg[57][0][0]  |                                                              |                3 |             16 |
|  design_1_i/processing_system7_0/inst/FCLK_CLK0 | design_1_i/top_blink_0/inst/uart_rx_inst/rx_buf_reg[58][0][0]  |                                                              |                2 |             16 |
|  design_1_i/processing_system7_0/inst/FCLK_CLK0 | design_1_i/top_blink_0/inst/uart_rx_inst/rx_buf_reg[51][0][0]  |                                                              |                1 |             16 |
|  design_1_i/processing_system7_0/inst/FCLK_CLK0 | design_1_i/top_blink_0/inst/uart_rx_inst/rx_buf_reg[5][0][0]   |                                                              |                3 |             16 |
|  design_1_i/processing_system7_0/inst/FCLK_CLK0 | design_1_i/top_blink_0/inst/uart_rx_inst/rx_buf_reg[50][0][0]  |                                                              |                3 |             16 |
|  design_1_i/processing_system7_0/inst/FCLK_CLK0 | design_1_i/top_blink_0/inst/uart_rx_inst/rx_buf_reg[61][0][0]  |                                                              |                4 |             16 |
|  design_1_i/processing_system7_0/inst/FCLK_CLK0 | design_1_i/top_blink_0/inst/uart_rx_inst/rx_buf_reg[64][0][0]  |                                                              |                1 |             16 |
|  design_1_i/processing_system7_0/inst/FCLK_CLK0 | design_1_i/top_blink_0/inst/uart_rx_inst/rx_buf_reg[4][0][0]   |                                                              |                3 |             16 |
|  design_1_i/processing_system7_0/inst/FCLK_CLK0 | design_1_i/top_blink_0/inst/uart_rx_inst/rx_buf_reg[54][0][0]  |                                                              |                3 |             16 |
|  design_1_i/processing_system7_0/inst/FCLK_CLK0 | design_1_i/top_blink_0/inst/uart_rx_inst/rx_buf_reg[65][0][0]  |                                                              |                3 |             16 |
|  design_1_i/processing_system7_0/inst/FCLK_CLK0 | design_1_i/top_blink_0/inst/uart_rx_inst/rx_buf_reg[66][0][0]  |                                                              |                2 |             16 |
|  design_1_i/processing_system7_0/inst/FCLK_CLK0 | design_1_i/top_blink_0/inst/uart_rx_inst/rx_buf_reg[59][0][0]  |                                                              |                2 |             16 |
|  design_1_i/processing_system7_0/inst/FCLK_CLK0 | design_1_i/top_blink_0/inst/uart_rx_inst/rx_buf_reg[63][0][0]  |                                                              |                6 |             16 |
|  design_1_i/processing_system7_0/inst/FCLK_CLK0 | design_1_i/top_blink_0/inst/uart_rx_inst/rx_buf_reg[62][0][0]  |                                                              |                6 |             16 |
|  design_1_i/processing_system7_0/inst/FCLK_CLK0 | design_1_i/top_blink_0/inst/uart_rx_inst/rx_buf_reg[67][7][0]  |                                                              |                2 |             16 |
|  design_1_i/processing_system7_0/inst/FCLK_CLK0 | design_1_i/top_blink_0/inst/uart_rx_inst/rx_buf_reg[68][0][0]  |                                                              |                1 |             16 |
|  design_1_i/processing_system7_0/inst/FCLK_CLK0 | design_1_i/top_blink_0/inst/uart_rx_inst/rx_buf_reg[53][0][0]  |                                                              |                1 |             16 |
|  design_1_i/processing_system7_0/inst/FCLK_CLK0 | design_1_i/top_blink_0/inst/uart_rx_inst/rx_buf_reg[55][0][0]  |                                                              |                1 |             16 |
|  design_1_i/processing_system7_0/inst/FCLK_CLK0 | design_1_i/top_blink_0/inst/uart_rx_inst/rx_buf_reg[52][0][0]  |                                                              |                2 |             16 |
|  design_1_i/processing_system7_0/inst/FCLK_CLK0 | design_1_i/top_blink_0/inst/uart_rx_inst/rx_buf_reg[73][0][0]  |                                                              |                4 |             16 |
|  design_1_i/processing_system7_0/inst/FCLK_CLK0 | design_1_i/top_blink_0/inst/uart_rx_inst/rx_buf_reg[72][0][0]  |                                                              |                1 |             16 |
|  design_1_i/processing_system7_0/inst/FCLK_CLK0 | design_1_i/top_blink_0/inst/uart_rx_inst/rx_buf_reg[83][0][0]  |                                                              |                2 |             16 |
|  design_1_i/processing_system7_0/inst/FCLK_CLK0 | design_1_i/top_blink_0/inst/uart_rx_inst/rx_buf_reg[84][0][0]  |                                                              |                2 |             16 |
|  design_1_i/processing_system7_0/inst/FCLK_CLK0 | design_1_i/top_blink_0/inst/uart_rx_inst/rx_buf_reg[86][0][0]  |                                                              |                4 |             16 |
|  design_1_i/processing_system7_0/inst/FCLK_CLK0 | design_1_i/top_blink_0/inst/uart_rx_inst/rx_buf_reg[81][0][0]  |                                                              |                5 |             16 |
|  design_1_i/processing_system7_0/inst/FCLK_CLK0 | design_1_i/top_blink_0/inst/uart_rx_inst/rx_buf_reg[70][0][0]  |                                                              |                2 |             16 |
|  design_1_i/processing_system7_0/inst/FCLK_CLK0 | design_1_i/top_blink_0/inst/uart_rx_inst/rx_buf_reg[74][0][0]  |                                                              |                2 |             16 |
|  design_1_i/processing_system7_0/inst/FCLK_CLK0 | design_1_i/top_blink_0/inst/uart_rx_inst/rx_buf_reg[69][0][0]  |                                                              |                3 |             16 |
|  design_1_i/processing_system7_0/inst/FCLK_CLK0 | design_1_i/top_blink_0/inst/uart_rx_inst/rx_buf_reg[71][0][0]  |                                                              |                1 |             16 |
|  design_1_i/processing_system7_0/inst/FCLK_CLK0 | design_1_i/top_blink_0/inst/uart_rx_inst/rx_buf_reg[75][0][0]  |                                                              |                4 |             16 |
|  design_1_i/processing_system7_0/inst/FCLK_CLK0 | design_1_i/top_blink_0/inst/uart_rx_inst/rx_buf_reg[80][0][0]  |                                                              |                4 |             16 |
|  design_1_i/processing_system7_0/inst/FCLK_CLK0 | design_1_i/top_blink_0/inst/uart_rx_inst/rx_buf_reg[82][0][0]  |                                                              |                4 |             16 |
|  design_1_i/processing_system7_0/inst/FCLK_CLK0 | design_1_i/top_blink_0/inst/uart_rx_inst/rx_buf_reg[6][0][0]   |                                                              |                4 |             16 |
|  design_1_i/processing_system7_0/inst/FCLK_CLK0 | design_1_i/top_blink_0/inst/uart_rx_inst/rx_buf_reg[85][0][0]  |                                                              |                1 |             16 |
|  design_1_i/processing_system7_0/inst/FCLK_CLK0 | design_1_i/top_blink_0/inst/uart_rx_inst/rx_buf_reg[87][0][0]  |                                                              |                3 |             16 |
|  design_1_i/processing_system7_0/inst/FCLK_CLK0 | design_1_i/top_blink_0/inst/uart_rx_inst/rx_buf_reg[88][0][0]  |                                                              |                2 |             16 |
|  design_1_i/processing_system7_0/inst/FCLK_CLK0 | design_1_i/top_blink_0/inst/uart_rx_inst/rx_buf_reg[76][0][0]  |                                                              |                5 |             16 |
|  design_1_i/processing_system7_0/inst/FCLK_CLK0 | design_1_i/top_blink_0/inst/uart_rx_inst/rx_buf_reg[78][0][0]  |                                                              |                6 |             16 |
|  design_1_i/processing_system7_0/inst/FCLK_CLK0 | design_1_i/top_blink_0/inst/uart_rx_inst/rx_buf_reg[7][0][0]   |                                                              |                2 |             16 |
|  design_1_i/processing_system7_0/inst/FCLK_CLK0 | design_1_i/top_blink_0/inst/uart_rx_inst/rx_buf_reg[77][0][0]  |                                                              |                3 |             16 |
|  design_1_i/processing_system7_0/inst/FCLK_CLK0 | design_1_i/top_blink_0/inst/uart_rx_inst/rx_buf_reg[79][0][0]  |                                                              |                4 |             16 |
|  design_1_i/processing_system7_0/inst/FCLK_CLK0 | design_1_i/top_blink_0/inst/uart_rx_inst/rx_buf_reg[9][0][0]   |                                                              |                4 |             16 |
|  design_1_i/processing_system7_0/inst/FCLK_CLK0 | design_1_i/top_blink_0/inst/uart_rx_inst/rx_buf_reg[99][0][0]  |                                                              |                5 |             16 |
|  design_1_i/processing_system7_0/inst/FCLK_CLK0 | design_1_i/top_blink_0/inst/uart_rx_inst/rx_buf_reg[91][0][0]  |                                                              |                2 |             16 |
|  design_1_i/processing_system7_0/inst/FCLK_CLK0 | design_1_i/top_blink_0/inst/uart_rx_inst/rx_buf_reg[92][0][0]  |                                                              |                2 |             16 |
|  design_1_i/processing_system7_0/inst/FCLK_CLK0 | design_1_i/top_blink_0/inst/uart_rx_inst/rx_buf_reg[95][0][0]  |                                                              |                4 |             16 |
|  design_1_i/processing_system7_0/inst/FCLK_CLK0 | design_1_i/top_blink_0/inst/uart_rx_inst/rx_buf_reg[98][0][0]  |                                                              |                6 |             16 |
|  design_1_i/processing_system7_0/inst/FCLK_CLK0 | design_1_i/top_blink_0/inst/uart_rx_inst/rx_buf_reg[89][0][0]  |                                                              |                2 |             16 |
|  design_1_i/processing_system7_0/inst/FCLK_CLK0 | design_1_i/top_blink_0/inst/uart_rx_inst/rx_buf_reg[96][0][0]  |                                                              |                2 |             16 |
|  design_1_i/processing_system7_0/inst/FCLK_CLK0 | design_1_i/top_blink_0/inst/uart_rx_inst/rx_buf_reg[94][0][0]  |                                                              |                6 |             16 |
|  design_1_i/processing_system7_0/inst/FCLK_CLK0 | design_1_i/top_blink_0/inst/uart_rx_inst/rx_buf_reg[97][0][0]  |                                                              |                4 |             16 |
|  design_1_i/processing_system7_0/inst/FCLK_CLK0 | design_1_i/top_blink_0/inst/uart_rx_inst/rx_buf_reg[93][0][0]  |                                                              |                2 |             16 |
|  design_1_i/processing_system7_0/inst/FCLK_CLK0 | design_1_i/top_blink_0/inst/uart_rx_inst/rx_buf_reg[90][0][0]  |                                                              |                3 |             16 |
|  design_1_i/processing_system7_0/inst/FCLK_CLK0 | design_1_i/top_blink_0/inst/uart_rx_inst/rx_buf_reg[8][0][0]   |                                                              |                5 |             16 |
|  design_1_i/processing_system7_0/inst/FCLK_CLK0 | design_1_i/top_blink_0/inst/uart_tx_inst/E[0]                  | design_1_i/top_blink_0/inst/uart_rx_inst/rx_data_valid_reg_0 |                4 |             16 |
|  design_1_i/processing_system7_0/inst/FCLK_CLK0 | design_1_i/top_blink_0/inst/uart_tx_inst/tx_data_latch0        | design_1_i/top_blink_0/inst/uart_rx_inst/rx_data_valid_reg_0 |                2 |             16 |
|  design_1_i/processing_system7_0/inst/FCLK_CLK0 | design_1_i/top_blink_0/inst/tx_data                            |                                                              |                8 |             16 |
|  design_1_i/processing_system7_0/inst/FCLK_CLK0 | design_1_i/top_blink_0/inst/uart_rx_inst/rx_data_valid01_out   | design_1_i/top_blink_0/inst/uart_rx_inst/rx_data_valid_reg_0 |                2 |             16 |
|  design_1_i/processing_system7_0/inst/FCLK_CLK0 | design_1_i/top_blink_0/inst/uart_rx_inst/E[0]                  |                                                              |                5 |             16 |
|  design_1_i/processing_system7_0/inst/FCLK_CLK0 | design_1_i/top_blink_0/inst/uart_rx_inst/rx_buf_reg[0][0][0]   |                                                              |                3 |             16 |
|  design_1_i/processing_system7_0/inst/FCLK_CLK0 | design_1_i/top_blink_0/inst/uart_rx_inst/rx_buf_reg[101][0][0] |                                                              |                4 |             16 |
|  design_1_i/processing_system7_0/inst/FCLK_CLK0 | design_1_i/top_blink_0/inst/uart_rx_inst/rx_buf_reg[107][0][0] |                                                              |                1 |             16 |
|  design_1_i/processing_system7_0/inst/FCLK_CLK0 | design_1_i/top_blink_0/inst/uart_rx_inst/rx_buf_reg[113][7][0] |                                                              |                2 |             16 |
|  design_1_i/processing_system7_0/inst/FCLK_CLK0 | design_1_i/top_blink_0/inst/uart_rx_inst/rx_buf_reg[114][0][0] |                                                              |                2 |             16 |
|  design_1_i/processing_system7_0/inst/FCLK_CLK0 | design_1_i/top_blink_0/inst/uart_rx_inst/rx_buf_reg[115][0][0] |                                                              |                1 |             16 |
|  design_1_i/processing_system7_0/inst/FCLK_CLK0 | design_1_i/top_blink_0/inst/uart_rx_inst/rx_buf_reg[116][0][0] |                                                              |                2 |             16 |
|  design_1_i/processing_system7_0/inst/FCLK_CLK0 | design_1_i/top_blink_0/inst/uart_rx_inst/rx_buf_reg[10][0][0]  |                                                              |                1 |             16 |
|  design_1_i/processing_system7_0/inst/FCLK_CLK0 | design_1_i/top_blink_0/inst/uart_rx_inst/rx_buf_reg[111][0][0] |                                                              |                1 |             16 |
|  design_1_i/processing_system7_0/inst/FCLK_CLK0 | design_1_i/top_blink_0/inst/uart_rx_inst/rx_buf_reg[117][0][0] |                                                              |                1 |             16 |
|  design_1_i/processing_system7_0/inst/FCLK_CLK0 | design_1_i/top_blink_0/inst/uart_rx_inst/rx_buf_reg[118][0][0] |                                                              |                2 |             16 |
|  design_1_i/processing_system7_0/inst/FCLK_CLK0 | design_1_i/top_blink_0/inst/uart_rx_inst/rx_buf_reg[108][0][0] |                                                              |                2 |             16 |
|  design_1_i/processing_system7_0/inst/FCLK_CLK0 | design_1_i/top_blink_0/inst/uart_rx_inst/rx_buf_reg[104][0][0] |                                                              |                3 |             16 |
|  design_1_i/processing_system7_0/inst/FCLK_CLK0 | design_1_i/top_blink_0/inst/uart_rx_inst/rx_buf_reg[105][0][0] |                                                              |                4 |             16 |
|  design_1_i/processing_system7_0/inst/FCLK_CLK0 | design_1_i/top_blink_0/inst/uart_rx_inst/rx_buf_reg[110][0][0] |                                                              |                2 |             16 |
|  design_1_i/processing_system7_0/inst/FCLK_CLK0 | design_1_i/top_blink_0/inst/uart_rx_inst/rx_buf_reg[106][0][0] |                                                              |                2 |             16 |
|  design_1_i/processing_system7_0/inst/FCLK_CLK0 | design_1_i/top_blink_0/inst/uart_rx_inst/rx_buf_reg[103][0][0] |                                                              |                2 |             16 |
|  design_1_i/processing_system7_0/inst/FCLK_CLK0 | design_1_i/top_blink_0/inst/uart_rx_inst/rx_buf_reg[102][0][0] |                                                              |                2 |             16 |
|  design_1_i/processing_system7_0/inst/FCLK_CLK0 | design_1_i/top_blink_0/inst/uart_rx_inst/rx_buf_reg[100][0][0] |                                                              |                2 |             16 |
|  design_1_i/processing_system7_0/inst/FCLK_CLK0 | design_1_i/top_blink_0/inst/uart_rx_inst/rx_buf_reg[109][0][0] |                                                              |                1 |             16 |
|  design_1_i/processing_system7_0/inst/FCLK_CLK0 | design_1_i/top_blink_0/inst/uart_rx_inst/rx_buf_reg[112][0][0] |                                                              |                1 |             16 |
|  design_1_i/processing_system7_0/inst/FCLK_CLK0 | design_1_i/top_blink_0/inst/uart_rx_inst/rx_buf_reg[135][0][0] |                                                              |                3 |             16 |
|  design_1_i/processing_system7_0/inst/FCLK_CLK0 | design_1_i/top_blink_0/inst/uart_rx_inst/rx_buf_reg[122][0][0] |                                                              |                1 |             16 |
|  design_1_i/processing_system7_0/inst/FCLK_CLK0 | design_1_i/top_blink_0/inst/uart_rx_inst/rx_buf_reg[136][0][0] |                                                              |                5 |             16 |
|  design_1_i/processing_system7_0/inst/FCLK_CLK0 | design_1_i/top_blink_0/inst/uart_rx_inst/rx_buf_reg[11][0][0]  |                                                              |                2 |             16 |
|  design_1_i/processing_system7_0/inst/FCLK_CLK0 | design_1_i/top_blink_0/inst/uart_rx_inst/rx_buf_reg[137][0][0] |                                                              |                3 |             16 |
|  design_1_i/processing_system7_0/inst/FCLK_CLK0 | design_1_i/top_blink_0/inst/uart_rx_inst/rx_buf_reg[131][0][0] |                                                              |                2 |             16 |
|  design_1_i/processing_system7_0/inst/FCLK_CLK0 | design_1_i/top_blink_0/inst/uart_rx_inst/rx_buf_reg[138][0][0] |                                                              |                4 |             16 |
|  design_1_i/processing_system7_0/inst/FCLK_CLK0 | design_1_i/top_blink_0/inst/uart_rx_inst/rx_buf_reg[126][0][0] |                                                              |                3 |             16 |
|  design_1_i/processing_system7_0/inst/FCLK_CLK0 | design_1_i/top_blink_0/inst/uart_rx_inst/rx_buf_reg[120][0][0] |                                                              |                3 |             16 |
|  design_1_i/processing_system7_0/inst/FCLK_CLK0 | design_1_i/top_blink_0/inst/uart_rx_inst/rx_buf_reg[119][7][0] |                                                              |                3 |             16 |
|  design_1_i/processing_system7_0/inst/FCLK_CLK0 | design_1_i/top_blink_0/inst/uart_rx_inst/rx_buf_reg[125][0][0] |                                                              |                3 |             16 |
|  design_1_i/processing_system7_0/inst/FCLK_CLK0 | design_1_i/top_blink_0/inst/uart_rx_inst/rx_buf_reg[123][0][0] |                                                              |                3 |             16 |
|  design_1_i/processing_system7_0/inst/FCLK_CLK0 | design_1_i/top_blink_0/inst/uart_rx_inst/rx_buf_reg[128][0][0] |                                                              |                1 |             16 |
|  design_1_i/processing_system7_0/inst/FCLK_CLK0 | design_1_i/top_blink_0/inst/uart_rx_inst/rx_buf_reg[12][0][0]  |                                                              |                2 |             16 |
|  design_1_i/processing_system7_0/inst/FCLK_CLK0 | design_1_i/top_blink_0/inst/uart_rx_inst/rx_buf_reg[127][0][0] |                                                              |                7 |             16 |
|  design_1_i/processing_system7_0/inst/FCLK_CLK0 | design_1_i/top_blink_0/inst/uart_rx_inst/rx_buf_reg[134][0][0] |                                                              |                2 |             16 |
|  design_1_i/processing_system7_0/inst/FCLK_CLK0 | design_1_i/top_blink_0/inst/uart_rx_inst/rx_buf_reg[121][0][0] |                                                              |                3 |             16 |
|  design_1_i/processing_system7_0/inst/FCLK_CLK0 | design_1_i/top_blink_0/inst/uart_rx_inst/rx_buf_reg[124][7][0] |                                                              |                2 |             16 |
|  design_1_i/processing_system7_0/inst/FCLK_CLK0 | design_1_i/top_blink_0/inst/uart_rx_inst/rx_buf_reg[129][0][0] |                                                              |                2 |             16 |
|  design_1_i/processing_system7_0/inst/FCLK_CLK0 | design_1_i/top_blink_0/inst/uart_rx_inst/rx_buf_reg[132][0][0] |                                                              |                3 |             16 |
|  design_1_i/processing_system7_0/inst/FCLK_CLK0 | design_1_i/top_blink_0/inst/uart_rx_inst/rx_buf_reg[130][0][0] |                                                              |                3 |             16 |
|  design_1_i/processing_system7_0/inst/FCLK_CLK0 | design_1_i/top_blink_0/inst/uart_rx_inst/rx_buf_reg[133][0][0] |                                                              |                1 |             16 |
|  design_1_i/processing_system7_0/inst/FCLK_CLK0 | design_1_i/top_blink_0/inst/uart_rx_inst/rx_buf_reg[152][0][0] |                                                              |                2 |             16 |
|  design_1_i/processing_system7_0/inst/FCLK_CLK0 | design_1_i/top_blink_0/inst/uart_rx_inst/rx_buf_reg[144][0][0] |                                                              |                1 |             16 |
|  design_1_i/processing_system7_0/inst/FCLK_CLK0 | design_1_i/top_blink_0/inst/uart_rx_inst/rx_buf_reg[153][0][0] |                                                              |                5 |             16 |
|  design_1_i/processing_system7_0/inst/FCLK_CLK0 | design_1_i/top_blink_0/inst/uart_rx_inst/rx_buf_reg[155][0][0] |                                                              |                4 |             16 |
|  design_1_i/processing_system7_0/inst/FCLK_CLK0 | design_1_i/top_blink_0/inst/uart_rx_inst/rx_buf_reg[143][0][0] |                                                              |                7 |             16 |
|  design_1_i/processing_system7_0/inst/FCLK_CLK0 | design_1_i/top_blink_0/inst/uart_rx_inst/rx_buf_reg[140][0][0] |                                                              |                2 |             16 |
|  design_1_i/processing_system7_0/inst/FCLK_CLK0 | design_1_i/top_blink_0/inst/uart_rx_inst/rx_buf_reg[151][0][0] |                                                              |                4 |             16 |
|  design_1_i/processing_system7_0/inst/FCLK_CLK0 | design_1_i/top_blink_0/inst/uart_rx_inst/rx_buf_reg[147][0][0] |                                                              |                2 |             16 |
|  design_1_i/processing_system7_0/inst/FCLK_CLK0 | design_1_i/top_blink_0/inst/uart_rx_inst/rx_buf_reg[148][0][0] |                                                              |                4 |             16 |
|  design_1_i/processing_system7_0/inst/FCLK_CLK0 | design_1_i/top_blink_0/inst/uart_rx_inst/rx_buf_reg[150][0][0] |                                                              |                3 |             16 |
|  design_1_i/processing_system7_0/inst/FCLK_CLK0 | design_1_i/top_blink_0/inst/uart_rx_inst/rx_buf_reg[154][0][0] |                                                              |                4 |             16 |
|  design_1_i/processing_system7_0/inst/FCLK_CLK0 | design_1_i/top_blink_0/inst/uart_rx_inst/rx_buf_reg[156][0][0] |                                                              |                5 |             16 |
|  design_1_i/processing_system7_0/inst/FCLK_CLK0 | design_1_i/top_blink_0/inst/uart_rx_inst/rx_buf_reg[139][0][0] |                                                              |                5 |             16 |
|  design_1_i/processing_system7_0/inst/FCLK_CLK0 | design_1_i/top_blink_0/inst/uart_rx_inst/rx_buf_reg[157][0][0] |                                                              |                2 |             16 |
|  design_1_i/processing_system7_0/inst/FCLK_CLK0 | design_1_i/top_blink_0/inst/uart_rx_inst/rx_buf_reg[145][0][0] |                                                              |                1 |             16 |
|  design_1_i/processing_system7_0/inst/FCLK_CLK0 | design_1_i/top_blink_0/inst/uart_rx_inst/rx_buf_reg[149][0][0] |                                                              |                2 |             16 |
|  design_1_i/processing_system7_0/inst/FCLK_CLK0 | design_1_i/top_blink_0/inst/uart_rx_inst/rx_buf_reg[142][0][0] |                                                              |                7 |             16 |
|  design_1_i/processing_system7_0/inst/FCLK_CLK0 | design_1_i/top_blink_0/inst/uart_rx_inst/rx_buf_reg[141][0][0] |                                                              |                4 |             16 |
|  design_1_i/processing_system7_0/inst/FCLK_CLK0 | design_1_i/top_blink_0/inst/uart_rx_inst/rx_buf_reg[13][0][0]  |                                                              |                2 |             16 |
|  design_1_i/processing_system7_0/inst/FCLK_CLK0 | design_1_i/top_blink_0/inst/uart_rx_inst/rx_buf_reg[146][0][0] |                                                              |                2 |             16 |
|  design_1_i/processing_system7_0/inst/FCLK_CLK0 | design_1_i/top_blink_0/inst/uart_rx_inst/rx_buf_reg[14][0][0]  |                                                              |                1 |             16 |
|  design_1_i/processing_system7_0/inst/FCLK_CLK0 | design_1_i/top_blink_0/inst/uart_rx_inst/rx_buf_reg[159][0][0] |                                                              |                5 |             16 |
|  design_1_i/processing_system7_0/inst/FCLK_CLK0 | design_1_i/top_blink_0/inst/uart_rx_inst/rx_buf_reg[15][0][0]  |                                                              |                2 |             16 |
|  design_1_i/processing_system7_0/inst/FCLK_CLK0 | design_1_i/top_blink_0/inst/uart_rx_inst/rx_buf_reg[160][0][0] |                                                              |                1 |             16 |
|  design_1_i/processing_system7_0/inst/FCLK_CLK0 | design_1_i/top_blink_0/inst/uart_rx_inst/rx_buf_reg[161][7][0] |                                                              |                3 |             16 |
|  design_1_i/processing_system7_0/inst/FCLK_CLK0 | design_1_i/top_blink_0/inst/uart_rx_inst/rx_buf_reg[162][0][0] |                                                              |                3 |             16 |
|  design_1_i/processing_system7_0/inst/FCLK_CLK0 | design_1_i/top_blink_0/inst/uart_rx_inst/rx_buf_reg[158][0][0] |                                                              |                4 |             16 |
|  design_1_i/processing_system7_0/inst/FCLK_CLK0 | design_1_i/top_blink_0/inst/uart_rx_inst/rx_cnt_reg[5]_rep[0]  | design_1_i/top_blink_0/inst/uart_rx_inst/rx_data_valid_reg_0 |                3 |             18 |
|  design_1_i/processing_system7_0/inst/FCLK_CLK0 |                                                                | design_1_i/top_blink_0/inst/uart_rx_inst/rx_data_valid_reg_0 |               23 |            128 |
+-------------------------------------------------+----------------------------------------------------------------+--------------------------------------------------------------+------------------+----------------+


