Copyright 1986-2018 Xilinx, Inc. All Rights Reserved.
-----------------------------------------------------------------------------------------------------------------------------------------------------------------------------------------------------------------------
| Tool Version : Vivado v.2018.2 (win64) Build 2258646 Thu Jun 14 20:03:12 MDT 2018
| Date         : Fri May  8 14:34:54 2026
| Host         : DESKTOP-HM5HD61 running 64-bit major release  (build 9200)
| Command      : report_timing_summary -max_paths 10 -file design_1_wrapper_timing_summary_routed.rpt -pb design_1_wrapper_timing_summary_routed.pb -rpx design_1_wrapper_timing_summary_routed.rpx -warn_on_violation
| Design       : design_1_wrapper
| Device       : 7z010-clg400
| Speed File   : -1  PRODUCTION 1.11 2014-09-11
-----------------------------------------------------------------------------------------------------------------------------------------------------------------------------------------------------------------------

Timing Summary Report

------------------------------------------------------------------------------------------------
| Timer Settings
| --------------
------------------------------------------------------------------------------------------------

  Enable Multi Corner Analysis               :  Yes
  Enable Pessimism Removal                   :  Yes
  Pessimism Removal Resolution               :  Nearest Common Node
  Enable Input Delay Default Clock           :  No
  Enable Preset / Clear Arcs                 :  No
  Disable Flight Delays                      :  No
  Ignore I/O Paths                           :  No
  Timing Early Launch at Borrowing Latches   :  false

  Corner  Analyze    Analyze    
  Name    Max Paths  Min Paths  
  ------  ---------  ---------  
  Slow    Yes        Yes        
  Fast    Yes        Yes        



check_timing report

Table of Contents
-----------------
1. checking no_clock
2. checking constant_clock
3. checking pulse_width_clock
4. checking unconstrained_internal_endpoints
5. checking no_input_delay
6. checking no_output_delay
7. checking multiple_clock
8. checking generated_clocks
9. checking loops
10. checking partial_input_delay
11. checking partial_output_delay
12. checking latch_loops

1. checking no_clock
--------------------
 There are 0 register/latch pins with no clock.


2. checking constant_clock
--------------------------
 There are 0 register/latch pins with constant_clock.


3. checking pulse_width_clock
-----------------------------
 There are 0 register/latch pins which need pulse_width check


4. checking unconstrained_internal_endpoints
--------------------------------------------
 There are 0 pins that are not constrained for maximum delay.

 There are 0 pins that are not constrained for maximum delay due to constant clock.


5. checking no_input_delay
--------------------------
 There is 1 input port with no input delay specified. (HIGH)

 There are 0 input ports with no input delay but user has a false path constraint.


6. checking no_output_delay
---------------------------
 There are 3 ports with no output delay specified. (HIGH)

 There are 0 ports with no output delay but user has a false path constraint

 There are 0 ports with no output delay but with a timing clock defined on it or propagating through it


7. checking multiple_clock
--------------------------
 There are 0 register/latch pins with multiple clocks.


8. checking generated_clocks
----------------------------
 There are 0 generated clocks that are not connected to a clock source.


9. checking loops
-----------------
 There are 0 combinational loops in the design.


10. checking partial_input_delay
--------------------------------
 There are 0 input ports with partial input delay specified.


11. checking partial_output_delay
---------------------------------
 There are 0 ports with partial output delay specified.


12. checking latch_loops
------------------------
 There are 0 combinational latch loops in the design through latch input



------------------------------------------------------------------------------------------------
| Design Timing Summary
| ---------------------
------------------------------------------------------------------------------------------------

    WNS(ns)      TNS(ns)  TNS Failing Endpoints  TNS Total Endpoints      WHS(ns)      THS(ns)  THS Failing Endpoints  THS Total Endpoints     WPWS(ns)     TPWS(ns)  TPWS Failing Endpoints  TPWS Total Endpoints  
    -------      -------  ---------------------  -------------------      -------      -------  ---------------------  -------------------     --------     --------  ----------------------  --------------------  
      8.525        0.000                      0                 4241        0.166        0.000                      0                 4241        9.500        0.000                       0                  2154  


All user specified timing constraints are met.


------------------------------------------------------------------------------------------------
| Clock Summary
| -------------
------------------------------------------------------------------------------------------------

Clock       Waveform(ns)       Period(ns)      Frequency(MHz)
-----       ------------       ----------      --------------
clk_fpga_0  {0.000 10.000}     20.000          50.000          


------------------------------------------------------------------------------------------------
| Intra Clock Table
| -----------------
------------------------------------------------------------------------------------------------

Clock             WNS(ns)      TNS(ns)  TNS Failing Endpoints  TNS Total Endpoints      WHS(ns)      THS(ns)  THS Failing Endpoints  THS Total Endpoints     WPWS(ns)     TPWS(ns)  TPWS Failing Endpoints  TPWS Total Endpoints  
-----             -------      -------  ---------------------  -------------------      -------      -------  ---------------------  -------------------     --------     --------  ----------------------  --------------------  
clk_fpga_0          8.525        0.000                      0                 4241        0.166        0.000                      0                 4241        9.500        0.000                       0                  2154  


------------------------------------------------------------------------------------------------
| Inter Clock Table
| -----------------
------------------------------------------------------------------------------------------------

From Clock    To Clock          WNS(ns)      TNS(ns)  TNS Failing Endpoints  TNS Total Endpoints      WHS(ns)      THS(ns)  THS Failing Endpoints  THS Total Endpoints  
----------    --------          -------      -------  ---------------------  -------------------      -------      -------  ---------------------  -------------------  


------------------------------------------------------------------------------------------------
| Other Path Groups Table
| -----------------------
------------------------------------------------------------------------------------------------

Path Group    From Clock    To Clock          WNS(ns)      TNS(ns)  TNS Failing Endpoints  TNS Total Endpoints      WHS(ns)      THS(ns)  THS Failing Endpoints  THS Total Endpoints  
----------    ----------    --------          -------      -------  ---------------------  -------------------      -------      -------  ---------------------  -------------------  


------------------------------------------------------------------------------------------------
| Timing Details
| --------------
------------------------------------------------------------------------------------------------


---------------------------------------------------------------------------------------------------
From Clock:  clk_fpga_0
  To Clock:  clk_fpga_0

Setup :            0  Failing Endpoints,  Worst Slack        8.525ns,  Total Violation        0.000ns
Hold  :            0  Failing Endpoints,  Worst Slack        0.166ns,  Total Violation        0.000ns
PW    :            0  Failing Endpoints,  Worst Slack        9.500ns,  Total Violation        0.000ns
---------------------------------------------------------------------------------------------------


Max Delay Paths
--------------------------------------------------------------------------------------
Slack (MET) :             8.525ns  (required time - arrival time)
  Source:                 design_1_i/top_blink_0/inst/uart_rx_inst/rx_data_reg[5]/C
                            (rising edge-triggered cell FDCE clocked by clk_fpga_0  {rise@0.000ns fall@10.000ns period=20.000ns})
  Destination:            design_1_i/top_blink_0/inst/rx_buf_reg[139][5]/D
                            (rising edge-triggered cell FDRE clocked by clk_fpga_0  {rise@0.000ns fall@10.000ns period=20.000ns})
  Path Group:             clk_fpga_0
  Path Type:              Setup (Max at Slow Process Corner)
  Requirement:            20.000ns  (clk_fpga_0 rise@20.000ns - clk_fpga_0 rise@0.000ns)
  Data Path Delay:        10.869ns  (logic 0.456ns (4.195%)  route 10.413ns (95.805%))
  Logic Levels:           0  
  Clock Path Skew:        -0.223ns (DCD - SCD + CPR)
    Destination Clock Delay (DCD):    2.693ns = ( 22.693 - 20.000 ) 
    Source Clock Delay      (SCD):    3.045ns
    Clock Pessimism Removal (CPR):    0.130ns
  Clock Uncertainty:      0.302ns  ((TSJ^2 + TIJ^2)^1/2 + DJ) / 2 + PE
    Total System Jitter     (TSJ):    0.071ns
    Total Input Jitter      (TIJ):    0.600ns
    Discrete Jitter          (DJ):    0.000ns
    Phase Error              (PE):    0.000ns

    Location             Delay type                Incr(ns)  Path(ns)    Netlist Resource(s)
  -------------------------------------------------------------------    -------------------
                         (clock clk_fpga_0 rise edge)
                                                      0.000     0.000 r  
    PS7_X0Y0             PS7                          0.000     0.000 r  design_1_i/processing_system7_0/inst/PS7_i/FCLKCLK[0]
                         net (fo=1, routed)           1.207     1.207    design_1_i/processing_system7_0/inst/FCLK_CLK_unbuffered[0]
    BUFGCTRL_X0Y0        BUFG (Prop_bufg_I_O)         0.101     1.308 r  design_1_i/processing_system7_0/inst/buffer_fclk_clk_0.FCLK_CLK_0_BUFG/O
                         net (fo=2154, routed)        1.737     3.045    design_1_i/top_blink_0/inst/uart_rx_inst/clk
    SLICE_X40Y22         FDCE                                         r  design_1_i/top_blink_0/inst/uart_rx_inst/rx_data_reg[5]/C
  -------------------------------------------------------------------    -------------------
    SLICE_X40Y22         FDCE (Prop_fdce_C_Q)         0.456     3.501 r  design_1_i/top_blink_0/inst/uart_rx_inst/rx_data_reg[5]/Q
                         net (fo=257, routed)        10.413    13.914    design_1_i/top_blink_0/inst/rx_data[5]
    SLICE_X9Y16          FDRE                                         r  design_1_i/top_blink_0/inst/rx_buf_reg[139][5]/D
  -------------------------------------------------------------------    -------------------

                         (clock clk_fpga_0 rise edge)
                                                     20.000    20.000 r  
    PS7_X0Y0             PS7                          0.000    20.000 r  design_1_i/processing_system7_0/inst/PS7_i/FCLKCLK[0]
                         net (fo=1, routed)           1.101    21.101    design_1_i/processing_system7_0/inst/FCLK_CLK_unbuffered[0]
    BUFGCTRL_X0Y0        BUFG (Prop_bufg_I_O)         0.091    21.192 r  design_1_i/processing_system7_0/inst/buffer_fclk_clk_0.FCLK_CLK_0_BUFG/O
                         net (fo=2154, routed)        1.500    22.693    design_1_i/top_blink_0/inst/clk
    SLICE_X9Y16          FDRE                                         r  design_1_i/top_blink_0/inst/rx_buf_reg[139][5]/C
                         clock pessimism              0.130    22.822    
                         clock uncertainty           -0.302    22.520    
    SLICE_X9Y16          FDRE (Setup_fdre_C_D)       -0.081    22.439    design_1_i/top_blink_0/inst/rx_buf_reg[139][5]
  -------------------------------------------------------------------
                         required time                         22.439    
                         arrival time                         -13.914    
  -------------------------------------------------------------------
                         slack                                  8.525    

Slack (MET) :             8.691ns  (required time - arrival time)
  Source:                 design_1_i/top_blink_0/inst/uart_rx_inst/rx_data_reg[5]/C
                            (rising edge-triggered cell FDCE clocked by clk_fpga_0  {rise@0.000ns fall@10.000ns period=20.000ns})
  Destination:            design_1_i/top_blink_0/inst/rx_buf_reg[141][5]/D
                            (rising edge-triggered cell FDRE clocked by clk_fpga_0  {rise@0.000ns fall@10.000ns period=20.000ns})
  Path Group:             clk_fpga_0
  Path Type:              Setup (Max at Slow Process Corner)
  Requirement:            20.000ns  (clk_fpga_0 rise@20.000ns - clk_fpga_0 rise@0.000ns)
  Data Path Delay:        10.726ns  (logic 0.456ns (4.251%)  route 10.270ns (95.749%))
  Logic Levels:           0  
  Clock Path Skew:        -0.224ns (DCD - SCD + CPR)
    Destination Clock Delay (DCD):    2.691ns = ( 22.691 - 20.000 ) 
    Source Clock Delay      (SCD):    3.045ns
    Clock Pessimism Removal (CPR):    0.130ns
  Clock Uncertainty:      0.302ns  ((TSJ^2 + TIJ^2)^1/2 + DJ) / 2 + PE
    Total System Jitter     (TSJ):    0.071ns
    Total Input Jitter      (TIJ):    0.600ns
    Discrete Jitter          (DJ):    0.000ns
    Phase Error              (PE):    0.000ns

    Location             Delay type                Incr(ns)  Path(ns)    Netlist Resource(s)
  -------------------------------------------------------------------    -------------------
                         (clock clk_fpga_0 rise edge)
                                                      0.000     0.000 r  
    PS7_X0Y0             PS7                          0.000     0.000 r  design_1_i/processing_system7_0/inst/PS7_i/FCLKCLK[0]
                         net (fo=1, routed)           1.207     1.207    design_1_i/processing_system7_0/inst/FCLK_CLK_unbuffered[0]
    BUFGCTRL_X0Y0        BUFG (Prop_bufg_I_O)         0.101     1.308 r  design_1_i/processing_system7_0/inst/buffer_fclk_clk_0.FCLK_CLK_0_BUFG/O
                         net (fo=2154, routed)        1.737     3.045    design_1_i/top_blink_0/inst/uart_rx_inst/clk
    SLICE_X40Y22         FDCE                                         r  design_1_i/top_blink_0/inst/uart_rx_inst/rx_data_reg[5]/C
  -------------------------------------------------------------------    -------------------
    SLICE_X40Y22         FDCE (Prop_fdce_C_Q)         0.456     3.501 r  design_1_i/top_blink_0/inst/uart_rx_inst/rx_data_reg[5]/Q
                         net (fo=257, routed)        10.270    13.771    design_1_i/top_blink_0/inst/rx_data[5]
    SLICE_X7Y16          FDRE                                         r  design_1_i/top_blink_0/inst/rx_buf_reg[141][5]/D
  -------------------------------------------------------------------    -------------------

                         (clock clk_fpga_0 rise edge)
                                                     20.000    20.000 r  
    PS7_X0Y0             PS7                          0.000    20.000 r  design_1_i/processing_system7_0/inst/PS7_i/FCLKCLK[0]
                         net (fo=1, routed)           1.101    21.101    design_1_i/processing_system7_0/inst/FCLK_CLK_unbuffered[0]
    BUFGCTRL_X0Y0        BUFG (Prop_bufg_I_O)         0.091    21.192 r  design_1_i/processing_system7_0/inst/buffer_fclk_clk_0.FCLK_CLK_0_BUFG/O
                         net (fo=2154, routed)        1.499    22.691    design_1_i/top_blink_0/inst/clk
    SLICE_X7Y16          FDRE                                         r  design_1_i/top_blink_0/inst/rx_buf_reg[141][5]/C
                         clock pessimism              0.130    22.821    
                         clock uncertainty           -0.302    22.519    
    SLICE_X7Y16          FDRE (Setup_fdre_C_D)       -0.058    22.461    design_1_i/top_blink_0/inst/rx_buf_reg[141][5]
  -------------------------------------------------------------------
                         required time                         22.461    
                         arrival time                         -13.771    
  -------------------------------------------------------------------
                         slack                                  8.691    

Slack (MET) :             8.730ns  (required time - arrival time)
  Source:                 design_1_i/top_blink_0/inst/uart_rx_inst/rx_data_reg[5]/C
                            (rising edge-triggered cell FDCE clocked by clk_fpga_0  {rise@0.000ns fall@10.000ns period=20.000ns})
  Destination:            design_1_i/top_blink_0/inst/rx_buf_reg[132][5]/D
                            (rising edge-triggered cell FDRE clocked by clk_fpga_0  {rise@0.000ns fall@10.000ns period=20.000ns})
  Path Group:             clk_fpga_0
  Path Type:              Setup (Max at Slow Process Corner)
  Requirement:            20.000ns  (clk_fpga_0 rise@20.000ns - clk_fpga_0 rise@0.000ns)
  Data Path Delay:        10.718ns  (logic 0.456ns (4.254%)  route 10.262ns (95.746%))
  Logic Levels:           0  
  Clock Path Skew:        -0.222ns (DCD - SCD + CPR)
    Destination Clock Delay (DCD):    2.693ns = ( 22.694 - 20.000 ) 
    Source Clock Delay      (SCD):    3.045ns
    Clock Pessimism Removal (CPR):    0.130ns
  Clock Uncertainty:      0.302ns  ((TSJ^2 + TIJ^2)^1/2 + DJ) / 2 + PE
    Total System Jitter     (TSJ):    0.071ns
    Total Input Jitter      (TIJ):    0.600ns
    Discrete Jitter          (DJ):    0.000ns
    Phase Error              (PE):    0.000ns

    Location             Delay type                Incr(ns)  Path(ns)    Netlist Resource(s)
  -------------------------------------------------------------------    -------------------
                         (clock clk_fpga_0 rise edge)
                                                      0.000     0.000 r  
    PS7_X0Y0             PS7                          0.000     0.000 r  design_1_i/processing_system7_0/inst/PS7_i/FCLKCLK[0]
                         net (fo=1, routed)           1.207     1.207    design_1_i/processing_system7_0/inst/FCLK_CLK_unbuffered[0]
    BUFGCTRL_X0Y0        BUFG (Prop_bufg_I_O)         0.101     1.308 r  design_1_i/processing_system7_0/inst/buffer_fclk_clk_0.FCLK_CLK_0_BUFG/O
                         net (fo=2154, routed)        1.737     3.045    design_1_i/top_blink_0/inst/uart_rx_inst/clk
    SLICE_X40Y22         FDCE                                         r  design_1_i/top_blink_0/inst/uart_rx_inst/rx_data_reg[5]/C
  -------------------------------------------------------------------    -------------------
    SLICE_X40Y22         FDCE (Prop_fdce_C_Q)         0.456     3.501 r  design_1_i/top_blink_0/inst/uart_rx_inst/rx_data_reg[5]/Q
                         net (fo=257, routed)        10.262    13.763    design_1_i/top_blink_0/inst/rx_data[5]
    SLICE_X8Y15          FDRE                                         r  design_1_i/top_blink_0/inst/rx_buf_reg[132][5]/D
  -------------------------------------------------------------------    -------------------

                         (clock clk_fpga_0 rise edge)
                                                     20.000    20.000 r  
    PS7_X0Y0             PS7                          0.000    20.000 r  design_1_i/processing_system7_0/inst/PS7_i/FCLKCLK[0]
                         net (fo=1, routed)           1.101    21.101    design_1_i/processing_system7_0/inst/FCLK_CLK_unbuffered[0]
    BUFGCTRL_X0Y0        BUFG (Prop_bufg_I_O)         0.091    21.192 r  design_1_i/processing_system7_0/inst/buffer_fclk_clk_0.FCLK_CLK_0_BUFG/O
                         net (fo=2154, routed)        1.501    22.694    design_1_i/top_blink_0/inst/clk
    SLICE_X8Y15          FDRE                                         r  design_1_i/top_blink_0/inst/rx_buf_reg[132][5]/C
                         clock pessimism              0.130    22.823    
                         clock uncertainty           -0.302    22.521    
    SLICE_X8Y15          FDRE (Setup_fdre_C_D)       -0.028    22.493    design_1_i/top_blink_0/inst/rx_buf_reg[132][5]
  -------------------------------------------------------------------
                         required time                         22.493    
                         arrival time                         -13.763    
  -------------------------------------------------------------------
                         slack                                  8.730    

Slack (MET) :             9.096ns  (required time - arrival time)
  Source:                 design_1_i/top_blink_0/inst/uart_rx_inst/rx_data_reg[5]/C
                            (rising edge-triggered cell FDCE clocked by clk_fpga_0  {rise@0.000ns fall@10.000ns period=20.000ns})
  Destination:            design_1_i/top_blink_0/inst/rx_buf_reg[140][5]/D
                            (rising edge-triggered cell FDRE clocked by clk_fpga_0  {rise@0.000ns fall@10.000ns period=20.000ns})
  Path Group:             clk_fpga_0
  Path Type:              Setup (Max at Slow Process Corner)
  Requirement:            20.000ns  (clk_fpga_0 rise@20.000ns - clk_fpga_0 rise@0.000ns)
  Data Path Delay:        10.378ns  (logic 0.456ns (4.394%)  route 9.922ns (95.606%))
  Logic Levels:           0  
  Clock Path Skew:        -0.178ns (DCD - SCD + CPR)
    Destination Clock Delay (DCD):    2.737ns = ( 22.737 - 20.000 ) 
    Source Clock Delay      (SCD):    3.045ns
    Clock Pessimism Removal (CPR):    0.130ns
  Clock Uncertainty:      0.302ns  ((TSJ^2 + TIJ^2)^1/2 + DJ) / 2 + PE
    Total System Jitter     (TSJ):    0.071ns
    Total Input Jitter      (TIJ):    0.600ns
    Discrete Jitter          (DJ):    0.000ns
    Phase Error              (PE):    0.000ns

    Location             Delay type                Incr(ns)  Path(ns)    Netlist Resource(s)
  -------------------------------------------------------------------    -------------------
                         (clock clk_fpga_0 rise edge)
                                                      0.000     0.000 r  
    PS7_X0Y0             PS7                          0.000     0.000 r  design_1_i/processing_system7_0/inst/PS7_i/FCLKCLK[0]
                         net (fo=1, routed)           1.207     1.207    design_1_i/processing_system7_0/inst/FCLK_CLK_unbuffered[0]
    BUFGCTRL_X0Y0        BUFG (Prop_bufg_I_O)         0.101     1.308 r  design_1_i/processing_system7_0/inst/buffer_fclk_clk_0.FCLK_CLK_0_BUFG/O
                         net (fo=2154, routed)        1.737     3.045    design_1_i/top_blink_0/inst/uart_rx_inst/clk
    SLICE_X40Y22         FDCE                                         r  design_1_i/top_blink_0/inst/uart_rx_inst/rx_data_reg[5]/C
  -------------------------------------------------------------------    -------------------
    SLICE_X40Y22         FDCE (Prop_fdce_C_Q)         0.456     3.501 r  design_1_i/top_blink_0/inst/uart_rx_inst/rx_data_reg[5]/Q
                         net (fo=257, routed)         9.922    13.423    design_1_i/top_blink_0/inst/rx_data[5]
    SLICE_X5Y15          FDRE                                         r  design_1_i/top_blink_0/inst/rx_buf_reg[140][5]/D
  -------------------------------------------------------------------    -------------------

                         (clock clk_fpga_0 rise edge)
                                                     20.000    20.000 r  
    PS7_X0Y0             PS7                          0.000    20.000 r  design_1_i/processing_system7_0/inst/PS7_i/FCLKCLK[0]
                         net (fo=1, routed)           1.101    21.101    design_1_i/processing_system7_0/inst/FCLK_CLK_unbuffered[0]
    BUFGCTRL_X0Y0        BUFG (Prop_bufg_I_O)         0.091    21.192 r  design_1_i/processing_system7_0/inst/buffer_fclk_clk_0.FCLK_CLK_0_BUFG/O
                         net (fo=2154, routed)        1.545    22.738    design_1_i/top_blink_0/inst/clk
    SLICE_X5Y15          FDRE                                         r  design_1_i/top_blink_0/inst/rx_buf_reg[140][5]/C
                         clock pessimism              0.130    22.867    
                         clock uncertainty           -0.302    22.565    
    SLICE_X5Y15          FDRE (Setup_fdre_C_D)       -0.047    22.518    design_1_i/top_blink_0/inst/rx_buf_reg[140][5]
  -------------------------------------------------------------------
                         required time                         22.518    
                         arrival time                         -13.423    
  -------------------------------------------------------------------
                         slack                                  9.096    

Slack (MET) :             9.105ns  (required time - arrival time)
  Source:                 design_1_i/top_blink_0/inst/uart_rx_inst/rx_data_reg[5]/C
                            (rising edge-triggered cell FDCE clocked by clk_fpga_0  {rise@0.000ns fall@10.000ns period=20.000ns})
  Destination:            design_1_i/top_blink_0/inst/rx_buf_reg[143][5]/D
                            (rising edge-triggered cell FDRE clocked by clk_fpga_0  {rise@0.000ns fall@10.000ns period=20.000ns})
  Path Group:             clk_fpga_0
  Path Type:              Setup (Max at Slow Process Corner)
  Requirement:            20.000ns  (clk_fpga_0 rise@20.000ns - clk_fpga_0 rise@0.000ns)
  Data Path Delay:        10.347ns  (logic 0.456ns (4.407%)  route 9.891ns (95.593%))
  Logic Levels:           0  
  Clock Path Skew:        -0.179ns (DCD - SCD + CPR)
    Destination Clock Delay (DCD):    2.737ns = ( 22.736 - 20.000 ) 
    Source Clock Delay      (SCD):    3.045ns
    Clock Pessimism Removal (CPR):    0.130ns
  Clock Uncertainty:      0.302ns  ((TSJ^2 + TIJ^2)^1/2 + DJ) / 2 + PE
    Total System Jitter     (TSJ):    0.071ns
    Total Input Jitter      (TIJ):    0.600ns
    Discrete Jitter          (DJ):    0.000ns
    Phase Error              (PE):    0.000ns

    Location             Delay type                Incr(ns)  Path(ns)    Netlist Resource(s)
  -------------------------------------------------------------------    -------------------
                         (clock clk_fpga_0 rise edge)
                                                      0.000     0.000 r  
    PS7_X0Y0             PS7                          0.000     0.000 r  design_1_i/processing_system7_0/inst/PS7_i/FCLKCLK[0]
                         net (fo=1, routed)           1.207     1.207    design_1_i/processing_system7_0/inst/FCLK_CLK_unbuffered[0]
    BUFGCTRL_X0Y0        BUFG (Prop_bufg_I_O)         0.101     1.308 r  design_1_i/processing_system7_0/inst/buffer_fclk_clk_0.FCLK_CLK_0_BUFG/O
                         net (fo=2154, routed)        1.737     3.045    design_1_i/top_blink_0/inst/uart_rx_inst/clk
    SLICE_X40Y22         FDCE                                         r  design_1_i/top_blink_0/inst/uart_rx_inst/rx_data_reg[5]/C
  -------------------------------------------------------------------    -------------------
    SLICE_X40Y22         FDCE (Prop_fdce_C_Q)         0.456     3.501 r  design_1_i/top_blink_0/inst/uart_rx_inst/rx_data_reg[5]/Q
                         net (fo=257, routed)         9.891    13.392    design_1_i/top_blink_0/inst/rx_data[5]
    SLICE_X5Y16          FDRE                                         r  design_1_i/top_blink_0/inst/rx_buf_reg[143][5]/D
  -------------------------------------------------------------------    -------------------

                         (clock clk_fpga_0 rise edge)
                                                     20.000    20.000 r  
    PS7_X0Y0             PS7                          0.000    20.000 r  design_1_i/processing_system7_0/inst/PS7_i/FCLKCLK[0]
                         net (fo=1, routed)           1.101    21.101    design_1_i/processing_system7_0/inst/FCLK_CLK_unbuffered[0]
    BUFGCTRL_X0Y0        BUFG (Prop_bufg_I_O)         0.091    21.192 r  design_1_i/processing_system7_0/inst/buffer_fclk_clk_0.FCLK_CLK_0_BUFG/O
                         net (fo=2154, routed)        1.544    22.736    design_1_i/top_blink_0/inst/clk
    SLICE_X5Y16          FDRE                                         r  design_1_i/top_blink_0/inst/rx_buf_reg[143][5]/C
                         clock pessimism              0.130    22.866    
                         clock uncertainty           -0.302    22.564    
    SLICE_X5Y16          FDRE (Setup_fdre_C_D)       -0.067    22.497    design_1_i/top_blink_0/inst/rx_buf_reg[143][5]
  -------------------------------------------------------------------
                         required time                         22.497    
                         arrival time                         -13.392    
  -------------------------------------------------------------------
                         slack                                  9.105    

Slack (MET) :             9.298ns  (required time - arrival time)
  Source:                 design_1_i/top_blink_0/inst/uart_rx_inst/rx_data_reg[5]/C
                            (rising edge-triggered cell FDCE clocked by clk_fpga_0  {rise@0.000ns fall@10.000ns period=20.000ns})
  Destination:            design_1_i/top_blink_0/inst/rx_buf_reg[129][5]/D
                            (rising edge-triggered cell FDRE clocked by clk_fpga_0  {rise@0.000ns fall@10.000ns period=20.000ns})
  Path Group:             clk_fpga_0
  Path Type:              Setup (Max at Slow Process Corner)
  Requirement:            20.000ns  (clk_fpga_0 rise@20.000ns - clk_fpga_0 rise@0.000ns)
  Data Path Delay:        10.176ns  (logic 0.456ns (4.481%)  route 9.720ns (95.519%))
  Logic Levels:           0  
  Clock Path Skew:        -0.177ns (DCD - SCD + CPR)
    Destination Clock Delay (DCD):    2.738ns = ( 22.739 - 20.000 ) 
    Source Clock Delay      (SCD):    3.045ns
    Clock Pessimism Removal (CPR):    0.130ns
  Clock Uncertainty:      0.302ns  ((TSJ^2 + TIJ^2)^1/2 + DJ) / 2 + PE
    Total System Jitter     (TSJ):    0.071ns
    Total Input Jitter      (TIJ):    0.600ns
    Discrete Jitter          (DJ):    0.000ns
    Phase Error              (PE):    0.000ns

    Location             Delay type                Incr(ns)  Path(ns)    Netlist Resource(s)
  -------------------------------------------------------------------    -------------------
                         (clock clk_fpga_0 rise edge)
                                                      0.000     0.000 r  
    PS7_X0Y0             PS7                          0.000     0.000 r  design_1_i/processing_system7_0/inst/PS7_i/FCLKCLK[0]
                         net (fo=1, routed)           1.207     1.207    design_1_i/processing_system7_0/inst/FCLK_CLK_unbuffered[0]
    BUFGCTRL_X0Y0        BUFG (Prop_bufg_I_O)         0.101     1.308 r  design_1_i/processing_system7_0/inst/buffer_fclk_clk_0.FCLK_CLK_0_BUFG/O
                         net (fo=2154, routed)        1.737     3.045    design_1_i/top_blink_0/inst/uart_rx_inst/clk
    SLICE_X40Y22         FDCE                                         r  design_1_i/top_blink_0/inst/uart_rx_inst/rx_data_reg[5]/C
  -------------------------------------------------------------------    -------------------
    SLICE_X40Y22         FDCE (Prop_fdce_C_Q)         0.456     3.501 r  design_1_i/top_blink_0/inst/uart_rx_inst/rx_data_reg[5]/Q
                         net (fo=257, routed)         9.720    13.221    design_1_i/top_blink_0/inst/rx_data[5]
    SLICE_X5Y13          FDRE                                         r  design_1_i/top_blink_0/inst/rx_buf_reg[129][5]/D
  -------------------------------------------------------------------    -------------------

                         (clock clk_fpga_0 rise edge)
                                                     20.000    20.000 r  
    PS7_X0Y0             PS7                          0.000    20.000 r  design_1_i/processing_system7_0/inst/PS7_i/FCLKCLK[0]
                         net (fo=1, routed)           1.101    21.101    design_1_i/processing_system7_0/inst/FCLK_CLK_unbuffered[0]
    BUFGCTRL_X0Y0        BUFG (Prop_bufg_I_O)         0.091    21.192 r  design_1_i/processing_system7_0/inst/buffer_fclk_clk_0.FCLK_CLK_0_BUFG/O
                         net (fo=2154, routed)        1.546    22.739    design_1_i/top_blink_0/inst/clk
    SLICE_X5Y13          FDRE                                         r  design_1_i/top_blink_0/inst/rx_buf_reg[129][5]/C
                         clock pessimism              0.130    22.868    
                         clock uncertainty           -0.302    22.566    
    SLICE_X5Y13          FDRE (Setup_fdre_C_D)       -0.047    22.519    design_1_i/top_blink_0/inst/rx_buf_reg[129][5]
  -------------------------------------------------------------------
                         required time                         22.519    
                         arrival time                         -13.221    
  -------------------------------------------------------------------
                         slack                                  9.298    

Slack (MET) :             9.469ns  (required time - arrival time)
  Source:                 design_1_i/top_blink_0/inst/uart_rx_inst/rx_data_reg[5]/C
                            (rising edge-triggered cell FDCE clocked by clk_fpga_0  {rise@0.000ns fall@10.000ns period=20.000ns})
  Destination:            design_1_i/top_blink_0/inst/rx_buf_reg[131][5]/D
                            (rising edge-triggered cell FDRE clocked by clk_fpga_0  {rise@0.000ns fall@10.000ns period=20.000ns})
  Path Group:             clk_fpga_0
  Path Type:              Setup (Max at Slow Process Corner)
  Requirement:            20.000ns  (clk_fpga_0 rise@20.000ns - clk_fpga_0 rise@0.000ns)
  Data Path Delay:        9.959ns  (logic 0.456ns (4.579%)  route 9.503ns (95.421%))
  Logic Levels:           0  
  Clock Path Skew:        -0.223ns (DCD - SCD + CPR)
    Destination Clock Delay (DCD):    2.693ns = ( 22.693 - 20.000 ) 
    Source Clock Delay      (SCD):    3.045ns
    Clock Pessimism Removal (CPR):    0.130ns
  Clock Uncertainty:      0.302ns  ((TSJ^2 + TIJ^2)^1/2 + DJ) / 2 + PE
    Total System Jitter     (TSJ):    0.071ns
    Total Input Jitter      (TIJ):    0.600ns
    Discrete Jitter          (DJ):    0.000ns
    Phase Error              (PE):    0.000ns

    Location             Delay type                Incr(ns)  Path(ns)    Netlist Resource(s)
  -------------------------------------------------------------------    -------------------
                         (clock clk_fpga_0 rise edge)
                                                      0.000     0.000 r  
    PS7_X0Y0             PS7                          0.000     0.000 r  design_1_i/processing_system7_0/inst/PS7_i/FCLKCLK[0]
                         net (fo=1, routed)           1.207     1.207    design_1_i/processing_system7_0/inst/FCLK_CLK_unbuffered[0]
    BUFGCTRL_X0Y0        BUFG (Prop_bufg_I_O)         0.101     1.308 r  design_1_i/processing_system7_0/inst/buffer_fclk_clk_0.FCLK_CLK_0_BUFG/O
                         net (fo=2154, routed)        1.737     3.045    design_1_i/top_blink_0/inst/uart_rx_inst/clk
    SLICE_X40Y22         FDCE                                         r  design_1_i/top_blink_0/inst/uart_rx_inst/rx_data_reg[5]/C
  -------------------------------------------------------------------    -------------------
    SLICE_X40Y22         FDCE (Prop_fdce_C_Q)         0.456     3.501 r  design_1_i/top_blink_0/inst/uart_rx_inst/rx_data_reg[5]/Q
                         net (fo=257, routed)         9.503    13.004    design_1_i/top_blink_0/inst/rx_data[5]
    SLICE_X7Y15          FDRE                                         r  design_1_i/top_blink_0/inst/rx_buf_reg[131][5]/D
  -------------------------------------------------------------------    -------------------

                         (clock clk_fpga_0 rise edge)
                                                     20.000    20.000 r  
    PS7_X0Y0             PS7                          0.000    20.000 r  design_1_i/processing_system7_0/inst/PS7_i/FCLKCLK[0]
                         net (fo=1, routed)           1.101    21.101    design_1_i/processing_system7_0/inst/FCLK_CLK_unbuffered[0]
    BUFGCTRL_X0Y0        BUFG (Prop_bufg_I_O)         0.091    21.192 r  design_1_i/processing_system7_0/inst/buffer_fclk_clk_0.FCLK_CLK_0_BUFG/O
                         net (fo=2154, routed)        1.500    22.693    design_1_i/top_blink_0/inst/clk
    SLICE_X7Y15          FDRE                                         r  design_1_i/top_blink_0/inst/rx_buf_reg[131][5]/C
                         clock pessimism              0.130    22.822    
                         clock uncertainty           -0.302    22.520    
    SLICE_X7Y15          FDRE (Setup_fdre_C_D)       -0.047    22.473    design_1_i/top_blink_0/inst/rx_buf_reg[131][5]
  -------------------------------------------------------------------
                         required time                         22.473    
                         arrival time                         -13.004    
  -------------------------------------------------------------------
                         slack                                  9.469    

Slack (MET) :             9.560ns  (required time - arrival time)
  Source:                 design_1_i/top_blink_0/inst/uart_rx_inst/rx_data_reg[5]/C
                            (rising edge-triggered cell FDCE clocked by clk_fpga_0  {rise@0.000ns fall@10.000ns period=20.000ns})
  Destination:            design_1_i/top_blink_0/inst/rx_buf_reg[238][5]/D
                            (rising edge-triggered cell FDRE clocked by clk_fpga_0  {rise@0.000ns fall@10.000ns period=20.000ns})
  Path Group:             clk_fpga_0
  Path Type:              Setup (Max at Slow Process Corner)
  Requirement:            20.000ns  (clk_fpga_0 rise@20.000ns - clk_fpga_0 rise@0.000ns)
  Data Path Delay:        9.896ns  (logic 0.456ns (4.608%)  route 9.440ns (95.392%))
  Logic Levels:           0  
  Clock Path Skew:        -0.176ns (DCD - SCD + CPR)
    Destination Clock Delay (DCD):    2.740ns = ( 22.740 - 20.000 ) 
    Source Clock Delay      (SCD):    3.045ns
    Clock Pessimism Removal (CPR):    0.130ns
  Clock Uncertainty:      0.302ns  ((TSJ^2 + TIJ^2)^1/2 + DJ) / 2 + PE
    Total System Jitter     (TSJ):    0.071ns
    Total Input Jitter      (TIJ):    0.600ns
    Discrete Jitter          (DJ):    0.000ns
    Phase Error              (PE):    0.000ns

    Location             Delay type                Incr(ns)  Path(ns)    Netlist Resource(s)
  -------------------------------------------------------------------    -------------------
                         (clock clk_fpga_0 rise edge)
                                                      0.000     0.000 r  
    PS7_X0Y0             PS7                          0.000     0.000 r  design_1_i/processing_system7_0/inst/PS7_i/FCLKCLK[0]
                         net (fo=1, routed)           1.207     1.207    design_1_i/processing_system7_0/inst/FCLK_CLK_unbuffered[0]
    BUFGCTRL_X0Y0        BUFG (Prop_bufg_I_O)         0.101     1.308 r  design_1_i/processing_system7_0/inst/buffer_fclk_clk_0.FCLK_CLK_0_BUFG/O
                         net (fo=2154, routed)        1.737     3.045    design_1_i/top_blink_0/inst/uart_rx_inst/clk
    SLICE_X40Y22         FDCE                                         r  design_1_i/top_blink_0/inst/uart_rx_inst/rx_data_reg[5]/C
  -------------------------------------------------------------------    -------------------
    SLICE_X40Y22         FDCE (Prop_fdce_C_Q)         0.456     3.501 r  design_1_i/top_blink_0/inst/uart_rx_inst/rx_data_reg[5]/Q
                         net (fo=257, routed)         9.440    12.941    design_1_i/top_blink_0/inst/rx_data[5]
    SLICE_X1Y3           FDRE                                         r  design_1_i/top_blink_0/inst/rx_buf_reg[238][5]/D
  -------------------------------------------------------------------    -------------------

                         (clock clk_fpga_0 rise edge)
                                                     20.000    20.000 r  
    PS7_X0Y0             PS7                          0.000    20.000 r  design_1_i/processing_system7_0/inst/PS7_i/FCLKCLK[0]
                         net (fo=1, routed)           1.101    21.101    design_1_i/processing_system7_0/inst/FCLK_CLK_unbuffered[0]
    BUFGCTRL_X0Y0        BUFG (Prop_bufg_I_O)         0.091    21.192 r  design_1_i/processing_system7_0/inst/buffer_fclk_clk_0.FCLK_CLK_0_BUFG/O
                         net (fo=2154, routed)        1.547    22.740    design_1_i/top_blink_0/inst/clk
    SLICE_X1Y3           FDRE                                         r  design_1_i/top_blink_0/inst/rx_buf_reg[238][5]/C
                         clock pessimism              0.130    22.869    
                         clock uncertainty           -0.302    22.567    
    SLICE_X1Y3           FDRE (Setup_fdre_C_D)       -0.067    22.500    design_1_i/top_blink_0/inst/rx_buf_reg[238][5]
  -------------------------------------------------------------------
                         required time                         22.500    
                         arrival time                         -12.941    
  -------------------------------------------------------------------
                         slack                                  9.560    

Slack (MET) :             9.607ns  (required time - arrival time)
  Source:                 design_1_i/top_blink_0/inst/uart_rx_inst/rx_data_reg[7]/C
                            (rising edge-triggered cell FDCE clocked by clk_fpga_0  {rise@0.000ns fall@10.000ns period=20.000ns})
  Destination:            design_1_i/top_blink_0/inst/rx_buf_reg[155][7]/D
                            (rising edge-triggered cell FDRE clocked by clk_fpga_0  {rise@0.000ns fall@10.000ns period=20.000ns})
  Path Group:             clk_fpga_0
  Path Type:              Setup (Max at Slow Process Corner)
  Requirement:            20.000ns  (clk_fpga_0 rise@20.000ns - clk_fpga_0 rise@0.000ns)
  Data Path Delay:        9.807ns  (logic 0.456ns (4.650%)  route 9.351ns (95.350%))
  Logic Levels:           0  
  Clock Path Skew:        -0.240ns (DCD - SCD + CPR)
    Destination Clock Delay (DCD):    2.674ns = ( 22.674 - 20.000 ) 
    Source Clock Delay      (SCD):    3.044ns
    Clock Pessimism Removal (CPR):    0.130ns
  Clock Uncertainty:      0.302ns  ((TSJ^2 + TIJ^2)^1/2 + DJ) / 2 + PE
    Total System Jitter     (TSJ):    0.071ns
    Total Input Jitter      (TIJ):    0.600ns
    Discrete Jitter          (DJ):    0.000ns
    Phase Error              (PE):    0.000ns

    Location             Delay type                Incr(ns)  Path(ns)    Netlist Resource(s)
  -------------------------------------------------------------------    -------------------
                         (clock clk_fpga_0 rise edge)
                                                      0.000     0.000 r  
    PS7_X0Y0             PS7                          0.000     0.000 r  design_1_i/processing_system7_0/inst/PS7_i/FCLKCLK[0]
                         net (fo=1, routed)           1.207     1.207    design_1_i/processing_system7_0/inst/FCLK_CLK_unbuffered[0]
    BUFGCTRL_X0Y0        BUFG (Prop_bufg_I_O)         0.101     1.308 r  design_1_i/processing_system7_0/inst/buffer_fclk_clk_0.FCLK_CLK_0_BUFG/O
                         net (fo=2154, routed)        1.736     3.044    design_1_i/top_blink_0/inst/uart_rx_inst/clk
    SLICE_X41Y23         FDCE                                         r  design_1_i/top_blink_0/inst/uart_rx_inst/rx_data_reg[7]/C
  -------------------------------------------------------------------    -------------------
    SLICE_X41Y23         FDCE (Prop_fdce_C_Q)         0.456     3.500 r  design_1_i/top_blink_0/inst/uart_rx_inst/rx_data_reg[7]/Q
                         net (fo=257, routed)         9.351    12.851    design_1_i/top_blink_0/inst/rx_data[7]
    SLICE_X20Y25         FDRE                                         r  design_1_i/top_blink_0/inst/rx_buf_reg[155][7]/D
  -------------------------------------------------------------------    -------------------

                         (clock clk_fpga_0 rise edge)
                                                     20.000    20.000 r  
    PS7_X0Y0             PS7                          0.000    20.000 r  design_1_i/processing_system7_0/inst/PS7_i/FCLKCLK[0]
                         net (fo=1, routed)           1.101    21.101    design_1_i/processing_system7_0/inst/FCLK_CLK_unbuffered[0]
    BUFGCTRL_X0Y0        BUFG (Prop_bufg_I_O)         0.091    21.192 r  design_1_i/processing_system7_0/inst/buffer_fclk_clk_0.FCLK_CLK_0_BUFG/O
                         net (fo=2154, routed)        1.482    22.674    design_1_i/top_blink_0/inst/clk
    SLICE_X20Y25         FDRE                                         r  design_1_i/top_blink_0/inst/rx_buf_reg[155][7]/C
                         clock pessimism              0.130    22.804    
                         clock uncertainty           -0.302    22.502    
    SLICE_X20Y25         FDRE (Setup_fdre_C_D)       -0.045    22.457    design_1_i/top_blink_0/inst/rx_buf_reg[155][7]
  -------------------------------------------------------------------
                         required time                         22.457    
                         arrival time                         -12.851    
  -------------------------------------------------------------------
                         slack                                  9.607    

Slack (MET) :             9.636ns  (required time - arrival time)
  Source:                 design_1_i/top_blink_0/inst/rx_cnt_reg[3]/C
                            (rising edge-triggered cell FDCE clocked by clk_fpga_0  {rise@0.000ns fall@10.000ns period=20.000ns})
  Destination:            design_1_i/top_blink_0/inst/rx_buf_reg[155][4]/CE
                            (rising edge-triggered cell FDRE clocked by clk_fpga_0  {rise@0.000ns fall@10.000ns period=20.000ns})
  Path Group:             clk_fpga_0
  Path Type:              Setup (Max at Slow Process Corner)
  Requirement:            20.000ns  (clk_fpga_0 rise@20.000ns - clk_fpga_0 rise@0.000ns)
  Data Path Delay:        9.731ns  (logic 0.994ns (10.215%)  route 8.737ns (89.785%))
  Logic Levels:           2  (LUT4=1 LUT6=1)
  Clock Path Skew:        -0.162ns (DCD - SCD + CPR)
    Destination Clock Delay (DCD):    2.674ns = ( 22.674 - 20.000 ) 
    Source Clock Delay      (SCD):    2.966ns
    Clock Pessimism Removal (CPR):    0.130ns
  Clock Uncertainty:      0.302ns  ((TSJ^2 + TIJ^2)^1/2 + DJ) / 2 + PE
    Total System Jitter     (TSJ):    0.071ns
    Total Input Jitter      (TIJ):    0.600ns
    Discrete Jitter          (DJ):    0.000ns
    Phase Error              (PE):    0.000ns

    Location             Delay type                Incr(ns)  Path(ns)    Netlist Resource(s)
  -------------------------------------------------------------------    -------------------
                         (clock clk_fpga_0 rise edge)
                                                      0.000     0.000 r  
    PS7_X0Y0             PS7                          0.000     0.000 r  design_1_i/processing_system7_0/inst/PS7_i/FCLKCLK[0]
                         net (fo=1, routed)           1.207     1.207    design_1_i/processing_system7_0/inst/FCLK_CLK_unbuffered[0]
    BUFGCTRL_X0Y0        BUFG (Prop_bufg_I_O)         0.101     1.308 r  design_1_i/processing_system7_0/inst/buffer_fclk_clk_0.FCLK_CLK_0_BUFG/O
                         net (fo=2154, routed)        1.658     2.966    design_1_i/top_blink_0/inst/clk
    SLICE_X24Y18         FDCE                                         r  design_1_i/top_blink_0/inst/rx_cnt_reg[3]/C
  -------------------------------------------------------------------    -------------------
    SLICE_X24Y18         FDCE (Prop_fdce_C_Q)         0.518     3.484 r  design_1_i/top_blink_0/inst/rx_cnt_reg[3]/Q
                         net (fo=123, routed)         3.933     7.417    design_1_i/top_blink_0/inst/rx_cnt[3]
    SLICE_X14Y4          LUT4 (Prop_lut4_I0_O)        0.150     7.567 f  design_1_i/top_blink_0/inst/rx_cnt[7]_i_4/O
                         net (fo=10, routed)          3.858    11.425    design_1_i/top_blink_0/inst/uart_rx_inst/rx_cnt_reg[3]_9
    SLICE_X20Y20         LUT6 (Prop_lut6_I5_O)        0.326    11.751 r  design_1_i/top_blink_0/inst/uart_rx_inst/rx_buf[155][7]_i_1/O
                         net (fo=8, routed)           0.946    12.697    design_1_i/top_blink_0/inst/uart_rx_inst_n_104
    SLICE_X20Y25         FDRE                                         r  design_1_i/top_blink_0/inst/rx_buf_reg[155][4]/CE
  -------------------------------------------------------------------    -------------------

                         (clock clk_fpga_0 rise edge)
                                                     20.000    20.000 r  
    PS7_X0Y0             PS7                          0.000    20.000 r  design_1_i/processing_system7_0/inst/PS7_i/FCLKCLK[0]
                         net (fo=1, routed)           1.101    21.101    design_1_i/processing_system7_0/inst/FCLK_CLK_unbuffered[0]
    BUFGCTRL_X0Y0        BUFG (Prop_bufg_I_O)         0.091    21.192 r  design_1_i/processing_system7_0/inst/buffer_fclk_clk_0.FCLK_CLK_0_BUFG/O
                         net (fo=2154, routed)        1.482    22.674    design_1_i/top_blink_0/inst/clk
    SLICE_X20Y25         FDRE                                         r  design_1_i/top_blink_0/inst/rx_buf_reg[155][4]/C
                         clock pessimism              0.130    22.804    
                         clock uncertainty           -0.302    22.502    
    SLICE_X20Y25         FDRE (Setup_fdre_C_CE)      -0.169    22.333    design_1_i/top_blink_0/inst/rx_buf_reg[155][4]
  -------------------------------------------------------------------
                         required time                         22.333    
                         arrival time                         -12.697    
  -------------------------------------------------------------------
                         slack                                  9.636    





Min Delay Paths
--------------------------------------------------------------------------------------
Slack (MET) :             0.166ns  (arrival time - required time)
  Source:                 design_1_i/top_blink_0/inst/uart_rx_inst/rx_bits_reg[0]/C
                            (rising edge-triggered cell FDCE clocked by clk_fpga_0  {rise@0.000ns fall@10.000ns period=20.000ns})
  Destination:            design_1_i/top_blink_0/inst/uart_rx_inst/rx_data_reg[0]/D
                            (rising edge-triggered cell FDCE clocked by clk_fpga_0  {rise@0.000ns fall@10.000ns period=20.000ns})
  Path Group:             clk_fpga_0
  Path Type:              Hold (Min at Fast Process Corner)
  Requirement:            0.000ns  (clk_fpga_0 rise@0.000ns - clk_fpga_0 rise@0.000ns)
  Data Path Delay:        0.271ns  (logic 0.141ns (52.055%)  route 0.130ns (47.945%))
  Logic Levels:           0  
  Clock Path Skew:        0.035ns (DCD - SCD - CPR)
    Destination Clock Delay (DCD):    1.218ns
    Source Clock Delay      (SCD):    0.921ns
    Clock Pessimism Removal (CPR):    0.262ns

    Location             Delay type                Incr(ns)  Path(ns)    Netlist Resource(s)
  -------------------------------------------------------------------    -------------------
                         (clock clk_fpga_0 rise edge)
                                                      0.000     0.000 r  
    PS7_X0Y0             PS7                          0.000     0.000 r  design_1_i/processing_system7_0/inst/PS7_i/FCLKCLK[0]
                         net (fo=1, routed)           0.315     0.315    design_1_i/processing_system7_0/inst/FCLK_CLK_unbuffered[0]
    BUFGCTRL_X0Y0        BUFG (Prop_bufg_I_O)         0.026     0.341 r  design_1_i/processing_system7_0/inst/buffer_fclk_clk_0.FCLK_CLK_0_BUFG/O
                         net (fo=2154, routed)        0.580     0.921    design_1_i/top_blink_0/inst/uart_rx_inst/clk
    SLICE_X39Y22         FDCE                                         r  design_1_i/top_blink_0/inst/uart_rx_inst/rx_bits_reg[0]/C
  -------------------------------------------------------------------    -------------------
    SLICE_X39Y22         FDCE (Prop_fdce_C_Q)         0.141     1.062 r  design_1_i/top_blink_0/inst/uart_rx_inst/rx_bits_reg[0]/Q
                         net (fo=2, routed)           0.130     1.191    design_1_i/top_blink_0/inst/uart_rx_inst/rx_bits[0]
    SLICE_X40Y22         FDCE                                         r  design_1_i/top_blink_0/inst/uart_rx_inst/rx_data_reg[0]/D
  -------------------------------------------------------------------    -------------------

                         (clock clk_fpga_0 rise edge)
                                                      0.000     0.000 r  
    PS7_X0Y0             PS7                          0.000     0.000 r  design_1_i/processing_system7_0/inst/PS7_i/FCLKCLK[0]
                         net (fo=1, routed)           0.341     0.341    design_1_i/processing_system7_0/inst/FCLK_CLK_unbuffered[0]
    BUFGCTRL_X0Y0        BUFG (Prop_bufg_I_O)         0.029     0.370 r  design_1_i/processing_system7_0/inst/buffer_fclk_clk_0.FCLK_CLK_0_BUFG/O
                         net (fo=2154, routed)        0.848     1.218    design_1_i/top_blink_0/inst/uart_rx_inst/clk
    SLICE_X40Y22         FDCE                                         r  design_1_i/top_blink_0/inst/uart_rx_inst/rx_data_reg[0]/C
                         clock pessimism             -0.262     0.956    
    SLICE_X40Y22         FDCE (Hold_fdce_C_D)         0.070     1.026    design_1_i/top_blink_0/inst/uart_rx_inst/rx_data_reg[0]
  -------------------------------------------------------------------
                         required time                         -1.025    
                         arrival time                           1.191    
  -------------------------------------------------------------------
                         slack                                  0.166    

Slack (MET) :             0.181ns  (arrival time - required time)
  Source:                 design_1_i/top_blink_0/inst/uart_rx_inst/rx_bits_reg[3]/C
                            (rising edge-triggered cell FDCE clocked by clk_fpga_0  {rise@0.000ns fall@10.000ns period=20.000ns})
  Destination:            design_1_i/top_blink_0/inst/uart_rx_inst/rx_data_reg[3]/D
                            (rising edge-triggered cell FDCE clocked by clk_fpga_0  {rise@0.000ns fall@10.000ns period=20.000ns})
  Path Group:             clk_fpga_0
  Path Type:              Hold (Min at Fast Process Corner)
  Requirement:            0.000ns  (clk_fpga_0 rise@0.000ns - clk_fpga_0 rise@0.000ns)
  Data Path Delay:        0.262ns  (logic 0.141ns (53.794%)  route 0.121ns (46.206%))
  Logic Levels:           0  
  Clock Path Skew:        0.011ns (DCD - SCD - CPR)
    Destination Clock Delay (DCD):    1.216ns
    Source Clock Delay      (SCD):    0.923ns
    Clock Pessimism Removal (CPR):    0.282ns

    Location             Delay type                Incr(ns)  Path(ns)    Netlist Resource(s)
  -------------------------------------------------------------------    -------------------
                         (clock clk_fpga_0 rise edge)
                                                      0.000     0.000 r  
    PS7_X0Y0             PS7                          0.000     0.000 r  design_1_i/processing_system7_0/inst/PS7_i/FCLKCLK[0]
                         net (fo=1, routed)           0.315     0.315    design_1_i/processing_system7_0/inst/FCLK_CLK_unbuffered[0]
    BUFGCTRL_X0Y0        BUFG (Prop_bufg_I_O)         0.026     0.341 r  design_1_i/processing_system7_0/inst/buffer_fclk_clk_0.FCLK_CLK_0_BUFG/O
                         net (fo=2154, routed)        0.582     0.923    design_1_i/top_blink_0/inst/uart_rx_inst/clk
    SLICE_X41Y22         FDCE                                         r  design_1_i/top_blink_0/inst/uart_rx_inst/rx_bits_reg[3]/C
  -------------------------------------------------------------------    -------------------
    SLICE_X41Y22         FDCE (Prop_fdce_C_Q)         0.141     1.064 r  design_1_i/top_blink_0/inst/uart_rx_inst/rx_bits_reg[3]/Q
                         net (fo=2, routed)           0.121     1.185    design_1_i/top_blink_0/inst/uart_rx_inst/rx_bits[3]
    SLICE_X41Y23         FDCE                                         r  design_1_i/top_blink_0/inst/uart_rx_inst/rx_data_reg[3]/D
  -------------------------------------------------------------------    -------------------

                         (clock clk_fpga_0 rise edge)
                                                      0.000     0.000 r  
    PS7_X0Y0             PS7                          0.000     0.000 r  design_1_i/processing_system7_0/inst/PS7_i/FCLKCLK[0]
                         net (fo=1, routed)           0.341     0.341    design_1_i/processing_system7_0/inst/FCLK_CLK_unbuffered[0]
    BUFGCTRL_X0Y0        BUFG (Prop_bufg_I_O)         0.029     0.370 r  design_1_i/processing_system7_0/inst/buffer_fclk_clk_0.FCLK_CLK_0_BUFG/O
                         net (fo=2154, routed)        0.846     1.216    design_1_i/top_blink_0/inst/uart_rx_inst/clk
    SLICE_X41Y23         FDCE                                         r  design_1_i/top_blink_0/inst/uart_rx_inst/rx_data_reg[3]/C
                         clock pessimism             -0.282     0.934    
    SLICE_X41Y23         FDCE (Hold_fdce_C_D)         0.070     1.004    design_1_i/top_blink_0/inst/uart_rx_inst/rx_data_reg[3]
  -------------------------------------------------------------------
                         required time                         -1.004    
                         arrival time                           1.185    
  -------------------------------------------------------------------
                         slack                                  0.181    

Slack (MET) :             0.181ns  (arrival time - required time)
  Source:                 design_1_i/top_blink_0/inst/uart_rx_inst/rx_bits_reg[7]/C
                            (rising edge-triggered cell FDCE clocked by clk_fpga_0  {rise@0.000ns fall@10.000ns period=20.000ns})
  Destination:            design_1_i/top_blink_0/inst/uart_rx_inst/rx_data_reg[7]/D
                            (rising edge-triggered cell FDCE clocked by clk_fpga_0  {rise@0.000ns fall@10.000ns period=20.000ns})
  Path Group:             clk_fpga_0
  Path Type:              Hold (Min at Fast Process Corner)
  Requirement:            0.000ns  (clk_fpga_0 rise@0.000ns - clk_fpga_0 rise@0.000ns)
  Data Path Delay:        0.264ns  (logic 0.141ns (53.387%)  route 0.123ns (46.613%))
  Logic Levels:           0  
  Clock Path Skew:        0.011ns (DCD - SCD - CPR)
    Destination Clock Delay (DCD):    1.216ns
    Source Clock Delay      (SCD):    0.923ns
    Clock Pessimism Removal (CPR):    0.282ns

    Location             Delay type                Incr(ns)  Path(ns)    Netlist Resource(s)
  -------------------------------------------------------------------    -------------------
                         (clock clk_fpga_0 rise edge)
                                                      0.000     0.000 r  
    PS7_X0Y0             PS7                          0.000     0.000 r  design_1_i/processing_system7_0/inst/PS7_i/FCLKCLK[0]
                         net (fo=1, routed)           0.315     0.315    design_1_i/processing_system7_0/inst/FCLK_CLK_unbuffered[0]
    BUFGCTRL_X0Y0        BUFG (Prop_bufg_I_O)         0.026     0.341 r  design_1_i/processing_system7_0/inst/buffer_fclk_clk_0.FCLK_CLK_0_BUFG/O
                         net (fo=2154, routed)        0.582     0.923    design_1_i/top_blink_0/inst/uart_rx_inst/clk
    SLICE_X41Y22         FDCE                                         r  design_1_i/top_blink_0/inst/uart_rx_inst/rx_bits_reg[7]/C
  -------------------------------------------------------------------    -------------------
    SLICE_X41Y22         FDCE (Prop_fdce_C_Q)         0.141     1.064 r  design_1_i/top_blink_0/inst/uart_rx_inst/rx_bits_reg[7]/Q
                         net (fo=2, routed)           0.123     1.187    design_1_i/top_blink_0/inst/uart_rx_inst/rx_bits[7]
    SLICE_X41Y23         FDCE                                         r  design_1_i/top_blink_0/inst/uart_rx_inst/rx_data_reg[7]/D
  -------------------------------------------------------------------    -------------------

                         (clock clk_fpga_0 rise edge)
                                                      0.000     0.000 r  
    PS7_X0Y0             PS7                          0.000     0.000 r  design_1_i/processing_system7_0/inst/PS7_i/FCLKCLK[0]
                         net (fo=1, routed)           0.341     0.341    design_1_i/processing_system7_0/inst/FCLK_CLK_unbuffered[0]
    BUFGCTRL_X0Y0        BUFG (Prop_bufg_I_O)         0.029     0.370 r  design_1_i/processing_system7_0/inst/buffer_fclk_clk_0.FCLK_CLK_0_BUFG/O
                         net (fo=2154, routed)        0.846     1.216    design_1_i/top_blink_0/inst/uart_rx_inst/clk
    SLICE_X41Y23         FDCE                                         r  design_1_i/top_blink_0/inst/uart_rx_inst/rx_data_reg[7]/C
                         clock pessimism             -0.282     0.934    
    SLICE_X41Y23         FDCE (Hold_fdce_C_D)         0.072     1.006    design_1_i/top_blink_0/inst/uart_rx_inst/rx_data_reg[7]
  -------------------------------------------------------------------
                         required time                         -1.005    
                         arrival time                           1.187    
  -------------------------------------------------------------------
                         slack                                  0.181    

Slack (MET) :             0.191ns  (arrival time - required time)
  Source:                 design_1_i/top_blink_0/inst/uart_rx_inst/rx_bits_reg[4]/C
                            (rising edge-triggered cell FDCE clocked by clk_fpga_0  {rise@0.000ns fall@10.000ns period=20.000ns})
  Destination:            design_1_i/top_blink_0/inst/uart_rx_inst/rx_data_reg[4]/D
                            (rising edge-triggered cell FDCE clocked by clk_fpga_0  {rise@0.000ns fall@10.000ns period=20.000ns})
  Path Group:             clk_fpga_0
  Path Type:              Hold (Min at Fast Process Corner)
  Requirement:            0.000ns  (clk_fpga_0 rise@0.000ns - clk_fpga_0 rise@0.000ns)
  Data Path Delay:        0.270ns  (logic 0.141ns (52.204%)  route 0.129ns (47.796%))
  Logic Levels:           0  
  Clock Path Skew:        0.013ns (DCD - SCD - CPR)
    Destination Clock Delay (DCD):    1.216ns
    Source Clock Delay      (SCD):    0.920ns
    Clock Pessimism Removal (CPR):    0.282ns

    Location             Delay type                Incr(ns)  Path(ns)    Netlist Resource(s)
  -------------------------------------------------------------------    -------------------
                         (clock clk_fpga_0 rise edge)
                                                      0.000     0.000 r  
    PS7_X0Y0             PS7                          0.000     0.000 r  design_1_i/processing_system7_0/inst/PS7_i/FCLKCLK[0]
                         net (fo=1, routed)           0.315     0.315    design_1_i/processing_system7_0/inst/FCLK_CLK_unbuffered[0]
    BUFGCTRL_X0Y0        BUFG (Prop_bufg_I_O)         0.026     0.341 r  design_1_i/processing_system7_0/inst/buffer_fclk_clk_0.FCLK_CLK_0_BUFG/O
                         net (fo=2154, routed)        0.580     0.920    design_1_i/top_blink_0/inst/uart_rx_inst/clk
    SLICE_X40Y23         FDCE                                         r  design_1_i/top_blink_0/inst/uart_rx_inst/rx_bits_reg[4]/C
  -------------------------------------------------------------------    -------------------
    SLICE_X40Y23         FDCE (Prop_fdce_C_Q)         0.141     1.061 r  design_1_i/top_blink_0/inst/uart_rx_inst/rx_bits_reg[4]/Q
                         net (fo=2, routed)           0.129     1.191    design_1_i/top_blink_0/inst/uart_rx_inst/rx_bits[4]
    SLICE_X41Y23         FDCE                                         r  design_1_i/top_blink_0/inst/uart_rx_inst/rx_data_reg[4]/D
  -------------------------------------------------------------------    -------------------

                         (clock clk_fpga_0 rise edge)
                                                      0.000     0.000 r  
    PS7_X0Y0             PS7                          0.000     0.000 r  design_1_i/processing_system7_0/inst/PS7_i/FCLKCLK[0]
                         net (fo=1, routed)           0.341     0.341    design_1_i/processing_system7_0/inst/FCLK_CLK_unbuffered[0]
    BUFGCTRL_X0Y0        BUFG (Prop_bufg_I_O)         0.029     0.370 r  design_1_i/processing_system7_0/inst/buffer_fclk_clk_0.FCLK_CLK_0_BUFG/O
                         net (fo=2154, routed)        0.846     1.216    design_1_i/top_blink_0/inst/uart_rx_inst/clk
    SLICE_X41Y23         FDCE                                         r  design_1_i/top_blink_0/inst/uart_rx_inst/rx_data_reg[4]/C
                         clock pessimism             -0.282     0.934    
    SLICE_X41Y23         FDCE (Hold_fdce_C_D)         0.066     1.000    design_1_i/top_blink_0/inst/uart_rx_inst/rx_data_reg[4]
  -------------------------------------------------------------------
                         required time                         -1.000    
                         arrival time                           1.191    
  -------------------------------------------------------------------
                         slack                                  0.191    

Slack (MET) :             0.201ns  (arrival time - required time)
  Source:                 design_1_i/top_blink_0/inst/FSM_onehot_state_reg[0]/C
                            (rising edge-triggered cell FDPE clocked by clk_fpga_0  {rise@0.000ns fall@10.000ns period=20.000ns})
  Destination:            design_1_i/top_blink_0/inst/tx_data_valid_reg/D
                            (rising edge-triggered cell FDCE clocked by clk_fpga_0  {rise@0.000ns fall@10.000ns period=20.000ns})
  Path Group:             clk_fpga_0
  Path Type:              Hold (Min at Fast Process Corner)
  Requirement:            0.000ns  (clk_fpga_0 rise@0.000ns - clk_fpga_0 rise@0.000ns)
  Data Path Delay:        0.319ns  (logic 0.189ns (59.230%)  route 0.130ns (40.770%))
  Logic Levels:           1  (LUT4=1)
  Clock Path Skew:        0.013ns (DCD - SCD - CPR)
    Destination Clock Delay (DCD):    1.189ns
    Source Clock Delay      (SCD):    0.894ns
    Clock Pessimism Removal (CPR):    0.282ns

    Location             Delay type                Incr(ns)  Path(ns)    Netlist Resource(s)
  -------------------------------------------------------------------    -------------------
                         (clock clk_fpga_0 rise edge)
                                                      0.000     0.000 r  
    PS7_X0Y0             PS7                          0.000     0.000 r  design_1_i/processing_system7_0/inst/PS7_i/FCLKCLK[0]
                         net (fo=1, routed)           0.315     0.315    design_1_i/processing_system7_0/inst/FCLK_CLK_unbuffered[0]
    BUFGCTRL_X0Y0        BUFG (Prop_bufg_I_O)         0.026     0.341 r  design_1_i/processing_system7_0/inst/buffer_fclk_clk_0.FCLK_CLK_0_BUFG/O
                         net (fo=2154, routed)        0.553     0.894    design_1_i/top_blink_0/inst/clk
    SLICE_X26Y21         FDPE                                         r  design_1_i/top_blink_0/inst/FSM_onehot_state_reg[0]/C
  -------------------------------------------------------------------    -------------------
    SLICE_X26Y21         FDPE (Prop_fdpe_C_Q)         0.141     1.035 f  design_1_i/top_blink_0/inst/FSM_onehot_state_reg[0]/Q
                         net (fo=6, routed)           0.130     1.165    design_1_i/top_blink_0/inst/uart_tx_inst/out[0]
    SLICE_X27Y21         LUT4 (Prop_lut4_I2_O)        0.048     1.213 r  design_1_i/top_blink_0/inst/uart_tx_inst/tx_data_valid_i_1/O
                         net (fo=1, routed)           0.000     1.213    design_1_i/top_blink_0/inst/uart_tx_inst_n_3
    SLICE_X27Y21         FDCE                                         r  design_1_i/top_blink_0/inst/tx_data_valid_reg/D
  -------------------------------------------------------------------    -------------------

                         (clock clk_fpga_0 rise edge)
                                                      0.000     0.000 r  
    PS7_X0Y0             PS7                          0.000     0.000 r  design_1_i/processing_system7_0/inst/PS7_i/FCLKCLK[0]
                         net (fo=1, routed)           0.341     0.341    design_1_i/processing_system7_0/inst/FCLK_CLK_unbuffered[0]
    BUFGCTRL_X0Y0        BUFG (Prop_bufg_I_O)         0.029     0.370 r  design_1_i/processing_system7_0/inst/buffer_fclk_clk_0.FCLK_CLK_0_BUFG/O
                         net (fo=2154, routed)        0.819     1.189    design_1_i/top_blink_0/inst/clk
    SLICE_X27Y21         FDCE                                         r  design_1_i/top_blink_0/inst/tx_data_valid_reg/C
                         clock pessimism             -0.282     0.907    
    SLICE_X27Y21         FDCE (Hold_fdce_C_D)         0.105     1.012    design_1_i/top_blink_0/inst/tx_data_valid_reg
  -------------------------------------------------------------------
                         required time                         -1.012    
                         arrival time                           1.213    
  -------------------------------------------------------------------
                         slack                                  0.201    

Slack (MET) :             0.206ns  (arrival time - required time)
  Source:                 design_1_i/top_blink_0/inst/uart_rx_inst/FSM_onehot_state_reg[1]/C
                            (rising edge-triggered cell FDCE clocked by clk_fpga_0  {rise@0.000ns fall@10.000ns period=20.000ns})
  Destination:            design_1_i/top_blink_0/inst/uart_rx_inst/rx_data_valid_reg/D
                            (rising edge-triggered cell FDCE clocked by clk_fpga_0  {rise@0.000ns fall@10.000ns period=20.000ns})
  Path Group:             clk_fpga_0
  Path Type:              Hold (Min at Fast Process Corner)
  Requirement:            0.000ns  (clk_fpga_0 rise@0.000ns - clk_fpga_0 rise@0.000ns)
  Data Path Delay:        0.297ns  (logic 0.227ns (76.370%)  route 0.070ns (23.630%))
  Logic Levels:           1  (LUT5=1)
  Clock Path Skew:        0.000ns (DCD - SCD - CPR)
    Destination Clock Delay (DCD):    1.214ns
    Source Clock Delay      (SCD):    0.919ns
    Clock Pessimism Removal (CPR):    0.295ns

    Location             Delay type                Incr(ns)  Path(ns)    Netlist Resource(s)
  -------------------------------------------------------------------    -------------------
                         (clock clk_fpga_0 rise edge)
                                                      0.000     0.000 r  
    PS7_X0Y0             PS7                          0.000     0.000 r  design_1_i/processing_system7_0/inst/PS7_i/FCLKCLK[0]
                         net (fo=1, routed)           0.315     0.315    design_1_i/processing_system7_0/inst/FCLK_CLK_unbuffered[0]
    BUFGCTRL_X0Y0        BUFG (Prop_bufg_I_O)         0.026     0.341 r  design_1_i/processing_system7_0/inst/buffer_fclk_clk_0.FCLK_CLK_0_BUFG/O
                         net (fo=2154, routed)        0.578     0.919    design_1_i/top_blink_0/inst/uart_rx_inst/clk
    SLICE_X39Y23         FDCE                                         r  design_1_i/top_blink_0/inst/uart_rx_inst/FSM_onehot_state_reg[1]/C
  -------------------------------------------------------------------    -------------------
    SLICE_X39Y23         FDCE (Prop_fdce_C_Q)         0.128     1.046 f  design_1_i/top_blink_0/inst/uart_rx_inst/FSM_onehot_state_reg[1]/Q
                         net (fo=4, routed)           0.070     1.117    design_1_i/top_blink_0/inst/uart_rx_inst/p_0_in0_in
    SLICE_X39Y23         LUT5 (Prop_lut5_I3_O)        0.099     1.216 r  design_1_i/top_blink_0/inst/uart_rx_inst/rx_data_valid_i_1/O
                         net (fo=1, routed)           0.000     1.216    design_1_i/top_blink_0/inst/uart_rx_inst/rx_data_valid_i_1_n_0
    SLICE_X39Y23         FDCE                                         r  design_1_i/top_blink_0/inst/uart_rx_inst/rx_data_valid_reg/D
  -------------------------------------------------------------------    -------------------

                         (clock clk_fpga_0 rise edge)
                                                      0.000     0.000 r  
    PS7_X0Y0             PS7                          0.000     0.000 r  design_1_i/processing_system7_0/inst/PS7_i/FCLKCLK[0]
                         net (fo=1, routed)           0.341     0.341    design_1_i/processing_system7_0/inst/FCLK_CLK_unbuffered[0]
    BUFGCTRL_X0Y0        BUFG (Prop_bufg_I_O)         0.029     0.370 r  design_1_i/processing_system7_0/inst/buffer_fclk_clk_0.FCLK_CLK_0_BUFG/O
                         net (fo=2154, routed)        0.844     1.214    design_1_i/top_blink_0/inst/uart_rx_inst/clk
    SLICE_X39Y23         FDCE                                         r  design_1_i/top_blink_0/inst/uart_rx_inst/rx_data_valid_reg/C
                         clock pessimism             -0.295     0.919    
    SLICE_X39Y23         FDCE (Hold_fdce_C_D)         0.091     1.010    design_1_i/top_blink_0/inst/uart_rx_inst/rx_data_valid_reg
  -------------------------------------------------------------------
                         required time                         -1.010    
                         arrival time                           1.216    
  -------------------------------------------------------------------
                         slack                                  0.206    

Slack (MET) :             0.215ns  (arrival time - required time)
  Source:                 design_1_i/top_blink_0/inst/uart_tx_inst/bit_cnt_reg[2]/C
                            (rising edge-triggered cell FDCE clocked by clk_fpga_0  {rise@0.000ns fall@10.000ns period=20.000ns})
  Destination:            design_1_i/top_blink_0/inst/uart_tx_inst/FSM_onehot_state_reg[3]/D
                            (rising edge-triggered cell FDCE clocked by clk_fpga_0  {rise@0.000ns fall@10.000ns period=20.000ns})
  Path Group:             clk_fpga_0
  Path Type:              Hold (Min at Fast Process Corner)
  Requirement:            0.000ns  (clk_fpga_0 rise@0.000ns - clk_fpga_0 rise@0.000ns)
  Data Path Delay:        0.350ns  (logic 0.209ns (59.643%)  route 0.141ns (40.357%))
  Logic Levels:           1  (LUT6=1)
  Clock Path Skew:        0.015ns (DCD - SCD - CPR)
    Destination Clock Delay (DCD):    1.188ns
    Source Clock Delay      (SCD):    0.892ns
    Clock Pessimism Removal (CPR):    0.281ns

    Location             Delay type                Incr(ns)  Path(ns)    Netlist Resource(s)
  -------------------------------------------------------------------    -------------------
                         (clock clk_fpga_0 rise edge)
                                                      0.000     0.000 r  
    PS7_X0Y0             PS7                          0.000     0.000 r  design_1_i/processing_system7_0/inst/PS7_i/FCLKCLK[0]
                         net (fo=1, routed)           0.315     0.315    design_1_i/processing_system7_0/inst/FCLK_CLK_unbuffered[0]
    BUFGCTRL_X0Y0        BUFG (Prop_bufg_I_O)         0.026     0.341 r  design_1_i/processing_system7_0/inst/buffer_fclk_clk_0.FCLK_CLK_0_BUFG/O
                         net (fo=2154, routed)        0.551     0.891    design_1_i/top_blink_0/inst/uart_tx_inst/clk
    SLICE_X32Y23         FDCE                                         r  design_1_i/top_blink_0/inst/uart_tx_inst/bit_cnt_reg[2]/C
  -------------------------------------------------------------------    -------------------
    SLICE_X32Y23         FDCE (Prop_fdce_C_Q)         0.164     1.056 r  design_1_i/top_blink_0/inst/uart_tx_inst/bit_cnt_reg[2]/Q
                         net (fo=4, routed)           0.141     1.197    design_1_i/top_blink_0/inst/uart_tx_inst/bit_cnt_reg_n_0_[2]
    SLICE_X32Y22         LUT6 (Prop_lut6_I2_O)        0.045     1.242 r  design_1_i/top_blink_0/inst/uart_tx_inst/FSM_onehot_state[3]_i_1__0/O
                         net (fo=1, routed)           0.000     1.242    design_1_i/top_blink_0/inst/uart_tx_inst/FSM_onehot_state[3]_i_1__0_n_0
    SLICE_X32Y22         FDCE                                         r  design_1_i/top_blink_0/inst/uart_tx_inst/FSM_onehot_state_reg[3]/D
  -------------------------------------------------------------------    -------------------

                         (clock clk_fpga_0 rise edge)
                                                      0.000     0.000 r  
    PS7_X0Y0             PS7                          0.000     0.000 r  design_1_i/processing_system7_0/inst/PS7_i/FCLKCLK[0]
                         net (fo=1, routed)           0.341     0.341    design_1_i/processing_system7_0/inst/FCLK_CLK_unbuffered[0]
    BUFGCTRL_X0Y0        BUFG (Prop_bufg_I_O)         0.029     0.370 r  design_1_i/processing_system7_0/inst/buffer_fclk_clk_0.FCLK_CLK_0_BUFG/O
                         net (fo=2154, routed)        0.818     1.188    design_1_i/top_blink_0/inst/uart_tx_inst/clk
    SLICE_X32Y22         FDCE                                         r  design_1_i/top_blink_0/inst/uart_tx_inst/FSM_onehot_state_reg[3]/C
                         clock pessimism             -0.281     0.907    
    SLICE_X32Y22         FDCE (Hold_fdce_C_D)         0.120     1.027    design_1_i/top_blink_0/inst/uart_tx_inst/FSM_onehot_state_reg[3]
  -------------------------------------------------------------------
                         required time                         -1.026    
                         arrival time                           1.242    
  -------------------------------------------------------------------
                         slack                                  0.215    

Slack (MET) :             0.226ns  (arrival time - required time)
  Source:                 design_1_i/top_blink_0/inst/uart_rx_inst/FSM_onehot_state_reg[0]/C
                            (rising edge-triggered cell FDPE clocked by clk_fpga_0  {rise@0.000ns fall@10.000ns period=20.000ns})
  Destination:            design_1_i/top_blink_0/inst/uart_rx_inst/FSM_onehot_state_reg[4]/D
                            (rising edge-triggered cell FDCE clocked by clk_fpga_0  {rise@0.000ns fall@10.000ns period=20.000ns})
  Path Group:             clk_fpga_0
  Path Type:              Hold (Min at Fast Process Corner)
  Requirement:            0.000ns  (clk_fpga_0 rise@0.000ns - clk_fpga_0 rise@0.000ns)
  Data Path Delay:        0.317ns  (logic 0.227ns (71.532%)  route 0.090ns (28.468%))
  Logic Levels:           1  (LUT5=1)
  Clock Path Skew:        0.000ns (DCD - SCD - CPR)
    Destination Clock Delay (DCD):    1.215ns
    Source Clock Delay      (SCD):    0.920ns
    Clock Pessimism Removal (CPR):    0.295ns

    Location             Delay type                Incr(ns)  Path(ns)    Netlist Resource(s)
  -------------------------------------------------------------------    -------------------
                         (clock clk_fpga_0 rise edge)
                                                      0.000     0.000 r  
    PS7_X0Y0             PS7                          0.000     0.000 r  design_1_i/processing_system7_0/inst/PS7_i/FCLKCLK[0]
                         net (fo=1, routed)           0.315     0.315    design_1_i/processing_system7_0/inst/FCLK_CLK_unbuffered[0]
    BUFGCTRL_X0Y0        BUFG (Prop_bufg_I_O)         0.026     0.341 r  design_1_i/processing_system7_0/inst/buffer_fclk_clk_0.FCLK_CLK_0_BUFG/O
                         net (fo=2154, routed)        0.579     0.919    design_1_i/top_blink_0/inst/uart_rx_inst/clk
    SLICE_X40Y24         FDPE                                         r  design_1_i/top_blink_0/inst/uart_rx_inst/FSM_onehot_state_reg[0]/C
  -------------------------------------------------------------------    -------------------
    SLICE_X40Y24         FDPE (Prop_fdpe_C_Q)         0.128     1.048 r  design_1_i/top_blink_0/inst/uart_rx_inst/FSM_onehot_state_reg[0]/Q
                         net (fo=4, routed)           0.090     1.138    design_1_i/top_blink_0/inst/uart_rx_inst/FSM_onehot_state_reg_n_0_[0]
    SLICE_X40Y24         LUT5 (Prop_lut5_I4_O)        0.099     1.237 r  design_1_i/top_blink_0/inst/uart_rx_inst/FSM_onehot_state[4]_i_1/O
                         net (fo=1, routed)           0.000     1.237    design_1_i/top_blink_0/inst/uart_rx_inst/FSM_onehot_state[4]_i_1_n_0
    SLICE_X40Y24         FDCE                                         r  design_1_i/top_blink_0/inst/uart_rx_inst/FSM_onehot_state_reg[4]/D
  -------------------------------------------------------------------    -------------------

                         (clock clk_fpga_0 rise edge)
                                                      0.000     0.000 r  
    PS7_X0Y0             PS7                          0.000     0.000 r  design_1_i/processing_system7_0/inst/PS7_i/FCLKCLK[0]
                         net (fo=1, routed)           0.341     0.341    design_1_i/processing_system7_0/inst/FCLK_CLK_unbuffered[0]
    BUFGCTRL_X0Y0        BUFG (Prop_bufg_I_O)         0.029     0.370 r  design_1_i/processing_system7_0/inst/buffer_fclk_clk_0.FCLK_CLK_0_BUFG/O
                         net (fo=2154, routed)        0.845     1.215    design_1_i/top_blink_0/inst/uart_rx_inst/clk
    SLICE_X40Y24         FDCE                                         r  design_1_i/top_blink_0/inst/uart_rx_inst/FSM_onehot_state_reg[4]/C
                         clock pessimism             -0.295     0.920    
    SLICE_X40Y24         FDCE (Hold_fdce_C_D)         0.091     1.011    design_1_i/top_blink_0/inst/uart_rx_inst/FSM_onehot_state_reg[4]
  -------------------------------------------------------------------
                         required time                         -1.011    
                         arrival time                           1.237    
  -------------------------------------------------------------------
                         slack                                  0.226    

Slack (MET) :             0.227ns  (arrival time - required time)
  Source:                 design_1_i/top_blink_0/inst/uart_rx_inst/rx_data_reg[3]/C
                            (rising edge-triggered cell FDCE clocked by clk_fpga_0  {rise@0.000ns fall@10.000ns period=20.000ns})
  Destination:            design_1_i/top_blink_0/inst/rx_buf_reg[45][3]/D
                            (rising edge-triggered cell FDRE clocked by clk_fpga_0  {rise@0.000ns fall@10.000ns period=20.000ns})
  Path Group:             clk_fpga_0
  Path Type:              Hold (Min at Fast Process Corner)
  Requirement:            0.000ns  (clk_fpga_0 rise@0.000ns - clk_fpga_0 rise@0.000ns)
  Data Path Delay:        0.320ns  (logic 0.141ns (44.068%)  route 0.179ns (55.932%))
  Logic Levels:           0  
  Clock Path Skew:        0.034ns (DCD - SCD - CPR)
    Destination Clock Delay (DCD):    1.217ns
    Source Clock Delay      (SCD):    0.920ns
    Clock Pessimism Removal (CPR):    0.262ns

    Location             Delay type                Incr(ns)  Path(ns)    Netlist Resource(s)
  -------------------------------------------------------------------    -------------------
                         (clock clk_fpga_0 rise edge)
                                                      0.000     0.000 r  
    PS7_X0Y0             PS7                          0.000     0.000 r  design_1_i/processing_system7_0/inst/PS7_i/FCLKCLK[0]
                         net (fo=1, routed)           0.315     0.315    design_1_i/processing_system7_0/inst/FCLK_CLK_unbuffered[0]
    BUFGCTRL_X0Y0        BUFG (Prop_bufg_I_O)         0.026     0.341 r  design_1_i/processing_system7_0/inst/buffer_fclk_clk_0.FCLK_CLK_0_BUFG/O
                         net (fo=2154, routed)        0.580     0.920    design_1_i/top_blink_0/inst/uart_rx_inst/clk
    SLICE_X41Y23         FDCE                                         r  design_1_i/top_blink_0/inst/uart_rx_inst/rx_data_reg[3]/C
  -------------------------------------------------------------------    -------------------
    SLICE_X41Y23         FDCE (Prop_fdce_C_Q)         0.141     1.061 r  design_1_i/top_blink_0/inst/uart_rx_inst/rx_data_reg[3]/Q
                         net (fo=257, routed)         0.179     1.240    design_1_i/top_blink_0/inst/rx_data[3]
    SLICE_X38Y21         FDRE                                         r  design_1_i/top_blink_0/inst/rx_buf_reg[45][3]/D
  -------------------------------------------------------------------    -------------------

                         (clock clk_fpga_0 rise edge)
                                                      0.000     0.000 r  
    PS7_X0Y0             PS7                          0.000     0.000 r  design_1_i/processing_system7_0/inst/PS7_i/FCLKCLK[0]
                         net (fo=1, routed)           0.341     0.341    design_1_i/processing_system7_0/inst/FCLK_CLK_unbuffered[0]
    BUFGCTRL_X0Y0        BUFG (Prop_bufg_I_O)         0.029     0.370 r  design_1_i/processing_system7_0/inst/buffer_fclk_clk_0.FCLK_CLK_0_BUFG/O
                         net (fo=2154, routed)        0.847     1.217    design_1_i/top_blink_0/inst/clk
    SLICE_X38Y21         FDRE                                         r  design_1_i/top_blink_0/inst/rx_buf_reg[45][3]/C
                         clock pessimism             -0.262     0.955    
    SLICE_X38Y21         FDRE (Hold_fdre_C_D)         0.059     1.014    design_1_i/top_blink_0/inst/rx_buf_reg[45][3]
  -------------------------------------------------------------------
                         required time                         -1.014    
                         arrival time                           1.240    
  -------------------------------------------------------------------
                         slack                                  0.227    

Slack (MET) :             0.241ns  (arrival time - required time)
  Source:                 design_1_i/top_blink_0/inst/uart_rx_inst/rx_bits_reg[2]/C
                            (rising edge-triggered cell FDCE clocked by clk_fpga_0  {rise@0.000ns fall@10.000ns period=20.000ns})
  Destination:            design_1_i/top_blink_0/inst/uart_rx_inst/rx_data_reg[2]/D
                            (rising edge-triggered cell FDCE clocked by clk_fpga_0  {rise@0.000ns fall@10.000ns period=20.000ns})
  Path Group:             clk_fpga_0
  Path Type:              Hold (Min at Fast Process Corner)
  Requirement:            0.000ns  (clk_fpga_0 rise@0.000ns - clk_fpga_0 rise@0.000ns)
  Data Path Delay:        0.324ns  (logic 0.141ns (43.514%)  route 0.183ns (56.486%))
  Logic Levels:           0  
  Clock Path Skew:        0.013ns (DCD - SCD - CPR)
    Destination Clock Delay (DCD):    1.218ns
    Source Clock Delay      (SCD):    0.923ns
    Clock Pessimism Removal (CPR):    0.282ns

    Location             Delay type                Incr(ns)  Path(ns)    Netlist Resource(s)
  -------------------------------------------------------------------    -------------------
                         (clock clk_fpga_0 rise edge)
                                                      0.000     0.000 r  
    PS7_X0Y0             PS7                          0.000     0.000 r  design_1_i/processing_system7_0/inst/PS7_i/FCLKCLK[0]
                         net (fo=1, routed)           0.315     0.315    design_1_i/processing_system7_0/inst/FCLK_CLK_unbuffered[0]
    BUFGCTRL_X0Y0        BUFG (Prop_bufg_I_O)         0.026     0.341 r  design_1_i/processing_system7_0/inst/buffer_fclk_clk_0.FCLK_CLK_0_BUFG/O
                         net (fo=2154, routed)        0.582     0.923    design_1_i/top_blink_0/inst/uart_rx_inst/clk
    SLICE_X41Y22         FDCE                                         r  design_1_i/top_blink_0/inst/uart_rx_inst/rx_bits_reg[2]/C
  -------------------------------------------------------------------    -------------------
    SLICE_X41Y22         FDCE (Prop_fdce_C_Q)         0.141     1.064 r  design_1_i/top_blink_0/inst/uart_rx_inst/rx_bits_reg[2]/Q
                         net (fo=2, routed)           0.183     1.247    design_1_i/top_blink_0/inst/uart_rx_inst/rx_bits[2]
    SLICE_X40Y22         FDCE                                         r  design_1_i/top_blink_0/inst/uart_rx_inst/rx_data_reg[2]/D
  -------------------------------------------------------------------    -------------------

                         (clock clk_fpga_0 rise edge)
                                                      0.000     0.000 r  
    PS7_X0Y0             PS7                          0.000     0.000 r  design_1_i/processing_system7_0/inst/PS7_i/FCLKCLK[0]
                         net (fo=1, routed)           0.341     0.341    design_1_i/processing_system7_0/inst/FCLK_CLK_unbuffered[0]
    BUFGCTRL_X0Y0        BUFG (Prop_bufg_I_O)         0.029     0.370 r  design_1_i/processing_system7_0/inst/buffer_fclk_clk_0.FCLK_CLK_0_BUFG/O
                         net (fo=2154, routed)        0.848     1.218    design_1_i/top_blink_0/inst/uart_rx_inst/clk
    SLICE_X40Y22         FDCE                                         r  design_1_i/top_blink_0/inst/uart_rx_inst/rx_data_reg[2]/C
                         clock pessimism             -0.282     0.936    
    SLICE_X40Y22         FDCE (Hold_fdce_C_D)         0.070     1.006    design_1_i/top_blink_0/inst/uart_rx_inst/rx_data_reg[2]
  -------------------------------------------------------------------
                         required time                         -1.005    
                         arrival time                           1.247    
  -------------------------------------------------------------------
                         slack                                  0.241    





Pulse Width Checks
--------------------------------------------------------------------------------------
Clock Name:         clk_fpga_0
Waveform(ns):       { 0.000 10.000 }
Period(ns):         20.000
Sources:            { design_1_i/processing_system7_0/inst/PS7_i/FCLKCLK[0] }

Check Type        Corner  Lib Pin  Reference Pin  Required(ns)  Actual(ns)  Slack(ns)  Location       Pin
Min Period        n/a     BUFG/I   n/a            2.155         20.000      17.845     BUFGCTRL_X0Y0  design_1_i/processing_system7_0/inst/buffer_fclk_clk_0.FCLK_CLK_0_BUFG/I
Min Period        n/a     FDRE/C   n/a            1.000         20.000      19.000     SLICE_X32Y4    design_1_i/top_blink_0/inst/rx_buf_reg[120][5]/C
Min Period        n/a     FDRE/C   n/a            1.000         20.000      19.000     SLICE_X28Y0    design_1_i/top_blink_0/inst/rx_buf_reg[120][6]/C
Min Period        n/a     FDRE/C   n/a            1.000         20.000      19.000     SLICE_X28Y0    design_1_i/top_blink_0/inst/rx_buf_reg[120][7]/C
Min Period        n/a     FDRE/C   n/a            1.000         20.000      19.000     SLICE_X28Y3    design_1_i/top_blink_0/inst/rx_buf_reg[121][0]/C
Min Period        n/a     FDRE/C   n/a            1.000         20.000      19.000     SLICE_X27Y3    design_1_i/top_blink_0/inst/rx_buf_reg[121][1]/C
Min Period        n/a     FDRE/C   n/a            1.000         20.000      19.000     SLICE_X32Y3    design_1_i/top_blink_0/inst/rx_buf_reg[121][2]/C
Min Period        n/a     FDRE/C   n/a            1.000         20.000      19.000     SLICE_X27Y3    design_1_i/top_blink_0/inst/rx_buf_reg[121][3]/C
Min Period        n/a     FDRE/C   n/a            1.000         20.000      19.000     SLICE_X28Y3    design_1_i/top_blink_0/inst/rx_buf_reg[121][4]/C
Min Period        n/a     FDRE/C   n/a            1.000         20.000      19.000     SLICE_X32Y3    design_1_i/top_blink_0/inst/rx_buf_reg[121][5]/C
Low Pulse Width   Fast    FDRE/C   n/a            0.500         10.000      9.500      SLICE_X32Y4    design_1_i/top_blink_0/inst/rx_buf_reg[120][5]/C
Low Pulse Width   Fast    FDRE/C   n/a            0.500         10.000      9.500      SLICE_X28Y0    design_1_i/top_blink_0/inst/rx_buf_reg[120][6]/C
Low Pulse Width   Fast    FDRE/C   n/a            0.500         10.000      9.500      SLICE_X28Y0    design_1_i/top_blink_0/inst/rx_buf_reg[120][7]/C
Low Pulse Width   Fast    FDRE/C   n/a            0.500         10.000      9.500      SLICE_X28Y3    design_1_i/top_blink_0/inst/rx_buf_reg[121][0]/C
Low Pulse Width   Fast    FDRE/C   n/a            0.500         10.000      9.500      SLICE_X27Y3    design_1_i/top_blink_0/inst/rx_buf_reg[121][1]/C
Low Pulse Width   Fast    FDRE/C   n/a            0.500         10.000      9.500      SLICE_X32Y3    design_1_i/top_blink_0/inst/rx_buf_reg[121][2]/C
Low Pulse Width   Fast    FDRE/C   n/a            0.500         10.000      9.500      SLICE_X27Y3    design_1_i/top_blink_0/inst/rx_buf_reg[121][3]/C
Low Pulse Width   Fast    FDRE/C   n/a            0.500         10.000      9.500      SLICE_X28Y3    design_1_i/top_blink_0/inst/rx_buf_reg[121][4]/C
Low Pulse Width   Fast    FDRE/C   n/a            0.500         10.000      9.500      SLICE_X32Y3    design_1_i/top_blink_0/inst/rx_buf_reg[121][5]/C
Low Pulse Width   Fast    FDRE/C   n/a            0.500         10.000      9.500      SLICE_X28Y3    design_1_i/top_blink_0/inst/rx_buf_reg[121][6]/C
High Pulse Width  Slow    FDRE/C   n/a            0.500         10.000      9.500      SLICE_X32Y4    design_1_i/top_blink_0/inst/rx_buf_reg[120][5]/C
High Pulse Width  Slow    FDRE/C   n/a            0.500         10.000      9.500      SLICE_X28Y0    design_1_i/top_blink_0/inst/rx_buf_reg[120][6]/C
High Pulse Width  Slow    FDRE/C   n/a            0.500         10.000      9.500      SLICE_X28Y0    design_1_i/top_blink_0/inst/rx_buf_reg[120][7]/C
High Pulse Width  Slow    FDRE/C   n/a            0.500         10.000      9.500      SLICE_X28Y3    design_1_i/top_blink_0/inst/rx_buf_reg[121][0]/C
High Pulse Width  Slow    FDRE/C   n/a            0.500         10.000      9.500      SLICE_X27Y3    design_1_i/top_blink_0/inst/rx_buf_reg[121][1]/C
High Pulse Width  Slow    FDRE/C   n/a            0.500         10.000      9.500      SLICE_X32Y3    design_1_i/top_blink_0/inst/rx_buf_reg[121][2]/C
High Pulse Width  Slow    FDRE/C   n/a            0.500         10.000      9.500      SLICE_X27Y3    design_1_i/top_blink_0/inst/rx_buf_reg[121][3]/C
High Pulse Width  Slow    FDRE/C   n/a            0.500         10.000      9.500      SLICE_X28Y3    design_1_i/top_blink_0/inst/rx_buf_reg[121][4]/C
High Pulse Width  Slow    FDRE/C   n/a            0.500         10.000      9.500      SLICE_X32Y3    design_1_i/top_blink_0/inst/rx_buf_reg[121][5]/C
High Pulse Width  Slow    FDRE/C   n/a            0.500         10.000      9.500      SLICE_X28Y3    design_1_i/top_blink_0/inst/rx_buf_reg[121][6]/C



