
*** Running vivado
    with args -log design_1_wrapper.vdi -applog -m64 -product Vivado -messageDb vivado.pb -mode batch -source design_1_wrapper.tcl -notrace


****** Vivado v2018.2 (64-bit)
  **** SW Build 2258646 on Thu Jun 14 20:03:12 MDT 2018
  **** IP Build 2256618 on Thu Jun 14 22:10:49 MDT 2018
    ** Copyright 1986-2018 Xilinx, Inc. All Rights Reserved.

source design_1_wrapper.tcl -notrace
INFO: [IP_Flow 19-234] Refreshing IP repositories
INFO: [IP_Flow 19-1704] No user IP repositories specified
INFO: [IP_Flow 19-2313] Loaded Vivado IP repository 'C:/Xilinx/Vivado/2018.2/data/ip'.
add_files: Time (s): cpu = 00:00:04 ; elapsed = 00:00:05 . Memory (MB): peak = 315.113 ; gain = 43.902
Command: link_design -top design_1_wrapper -part xc7z010clg400-1
Design is defaulting to srcset: sources_1
Design is defaulting to constrset: constrs_1
INFO: [Project 1-454] Reading design checkpoint 'c:/Users/Emerson/Documents/fpga/project_ebaz_blink/project_ebaz_blink.srcs/sources_1/bd/design_1/ip/design_1_processing_system7_0_0/design_1_processing_system7_0_0.dcp' for cell 'design_1_i/processing_system7_0'
INFO: [Project 1-454] Reading design checkpoint 'c:/Users/Emerson/Documents/fpga/project_ebaz_blink/project_ebaz_blink.srcs/sources_1/bd/design_1/ip/design_1_top_blink_0_0/design_1_top_blink_0_0.dcp' for cell 'design_1_i/top_blink_0'
INFO: [Netlist 29-17] Analyzing 423 Unisim elements for replacement
INFO: [Netlist 29-28] Unisim Transformation completed in 0 CPU seconds
WARNING: [Netlist 29-43] Netlist 'design_1_wrapper' is not ideal for floorplanning, since the cellview 'design_1_top_blink_0_0_top_blink' defined in file 'design_1_top_blink_0_0.edf' contains large number of primitives.  Please consider enabling hierarchy in synthesis if you want to do floorplanning.
INFO: [Project 1-479] Netlist was created with Vivado 2018.2
INFO: [Device 21-403] Loading part xc7z010clg400-1
INFO: [Project 1-570] Preparing netlist for logic optimization
Parsing XDC File [c:/Users/Emerson/Documents/fpga/project_ebaz_blink/project_ebaz_blink.srcs/sources_1/bd/design_1/ip/design_1_processing_system7_0_0/design_1_processing_system7_0_0.xdc] for cell 'design_1_i/processing_system7_0/inst'
Finished Parsing XDC File [c:/Users/Emerson/Documents/fpga/project_ebaz_blink/project_ebaz_blink.srcs/sources_1/bd/design_1/ip/design_1_processing_system7_0_0/design_1_processing_system7_0_0.xdc] for cell 'design_1_i/processing_system7_0/inst'
Parsing XDC File [C:/Users/Emerson/Documents/fpga/project_ebaz_blink/project_ebaz_blink.srcs/constrs_1/new/constr.xdc]
Finished Parsing XDC File [C:/Users/Emerson/Documents/fpga/project_ebaz_blink/project_ebaz_blink.srcs/constrs_1/new/constr.xdc]
INFO: [Opt 31-138] Pushed 0 inverter(s) to 0 load pin(s).
INFO: [Project 1-111] Unisim Transformation Summary:
No Unisim elements were transformed.

12 Infos, 1 Warnings, 0 Critical Warnings and 0 Errors encountered.
link_design completed successfully
link_design: Time (s): cpu = 00:00:15 ; elapsed = 00:00:22 . Memory (MB): peak = 657.832 ; gain = 342.719
Command: opt_design
Attempting to get a license for feature 'Implementation' and/or device 'xc7z010'
INFO: [Common 17-349] Got license for feature 'Implementation' and/or device 'xc7z010'
Running DRC as a precondition to command opt_design

Starting DRC Task
INFO: [DRC 23-27] Running DRC with 2 threads
INFO: [Project 1-461] DRC finished with 0 Errors
INFO: [Project 1-462] Please refer to the DRC report (report_drc) for more information.

Time (s): cpu = 00:00:01 ; elapsed = 00:00:00.967 . Memory (MB): peak = 668.441 ; gain = 10.609

Starting Cache Timing Information Task
INFO: [Timing 38-35] Done setting XDC timing constraints.
Ending Cache Timing Information Task | Checksum: 1488899e6

Time (s): cpu = 00:00:17 ; elapsed = 00:00:20 . Memory (MB): peak = 1217.824 ; gain = 549.066

Starting Logic Optimization Task

Phase 1 Retarget
INFO: [Opt 31-138] Pushed 0 inverter(s) to 0 load pin(s).
INFO: [Opt 31-49] Retargeted 0 cell(s).
Phase 1 Retarget | Checksum: 1c63cd3a9

Time (s): cpu = 00:00:00 ; elapsed = 00:00:00.354 . Memory (MB): peak = 1217.824 ; gain = 0.000
INFO: [Opt 31-389] Phase Retarget created 0 cells and removed 0 cells

Phase 2 Constant propagation
INFO: [Opt 31-138] Pushed 0 inverter(s) to 0 load pin(s).
Phase 2 Constant propagation | Checksum: 190832abc

Time (s): cpu = 00:00:01 ; elapsed = 00:00:00.483 . Memory (MB): peak = 1217.824 ; gain = 0.000
INFO: [Opt 31-389] Phase Constant propagation created 0 cells and removed 22 cells

Phase 3 Sweep
Phase 3 Sweep | Checksum: 1a5f44646

Time (s): cpu = 00:00:01 ; elapsed = 00:00:00.839 . Memory (MB): peak = 1217.824 ; gain = 0.000
INFO: [Opt 31-389] Phase Sweep created 0 cells and removed 88 cells

Phase 4 BUFG optimization
Phase 4 BUFG optimization | Checksum: 1a5f44646

Time (s): cpu = 00:00:01 ; elapsed = 00:00:01 . Memory (MB): peak = 1217.824 ; gain = 0.000
INFO: [Opt 31-662] Phase BUFG optimization created 0 cells of which 0 are BUFGs and removed 0 cells.

Phase 5 Shift Register Optimization
Phase 5 Shift Register Optimization | Checksum: 1c3c427d2

Time (s): cpu = 00:00:01 ; elapsed = 00:00:01 . Memory (MB): peak = 1217.824 ; gain = 0.000
INFO: [Opt 31-389] Phase Shift Register Optimization created 0 cells and removed 0 cells

Phase 6 Post Processing Netlist
Phase 6 Post Processing Netlist | Checksum: 1c3c427d2

Time (s): cpu = 00:00:01 ; elapsed = 00:00:01 . Memory (MB): peak = 1217.824 ; gain = 0.000
INFO: [Opt 31-389] Phase Post Processing Netlist created 0 cells and removed 0 cells

Starting Connectivity Check Task

Time (s): cpu = 00:00:00 ; elapsed = 00:00:00.014 . Memory (MB): peak = 1217.824 ; gain = 0.000
Ending Logic Optimization Task | Checksum: 1c3c427d2

Time (s): cpu = 00:00:01 ; elapsed = 00:00:01 . Memory (MB): peak = 1217.824 ; gain = 0.000

Starting Power Optimization Task
INFO: [Pwropt 34-132] Skipping clock gating for clocks with a period < 2.00 ns.
Ending Power Optimization Task | Checksum: 1c3c427d2

Time (s): cpu = 00:00:00 ; elapsed = 00:00:00.026 . Memory (MB): peak = 1217.824 ; gain = 0.000

Starting Final Cleanup Task
Ending Final Cleanup Task | Checksum: 1c3c427d2

Time (s): cpu = 00:00:00 ; elapsed = 00:00:00 . Memory (MB): peak = 1217.824 ; gain = 0.000
INFO: [Common 17-83] Releasing license: Implementation
28 Infos, 1 Warnings, 0 Critical Warnings and 0 Errors encountered.
opt_design completed successfully
opt_design: Time (s): cpu = 00:00:20 ; elapsed = 00:00:23 . Memory (MB): peak = 1217.824 ; gain = 559.992
INFO: [Timing 38-480] Writing timing data to binary archive.
Writing placer database...
Writing XDEF routing.
Writing XDEF routing logical nets.
Writing XDEF routing special nets.
Write XDEF Complete: Time (s): cpu = 00:00:00 ; elapsed = 00:00:00.102 . Memory (MB): peak = 1217.824 ; gain = 0.000
INFO: [Common 17-1381] The checkpoint 'C:/Users/Emerson/Documents/fpga/project_ebaz_blink/project_ebaz_blink.runs/impl_1/design_1_wrapper_opt.dcp' has been generated.
INFO: [runtcl-4] Executing : report_drc -file design_1_wrapper_drc_opted.rpt -pb design_1_wrapper_drc_opted.pb -rpx design_1_wrapper_drc_opted.rpx
Command: report_drc -file design_1_wrapper_drc_opted.rpt -pb design_1_wrapper_drc_opted.pb -rpx design_1_wrapper_drc_opted.rpx
INFO: [DRC 23-27] Running DRC with 2 threads
INFO: [Coretcl 2-168] The results of DRC are in file C:/Users/Emerson/Documents/fpga/project_ebaz_blink/project_ebaz_blink.runs/impl_1/design_1_wrapper_drc_opted.rpt.
report_drc completed successfully
Command: place_design
Attempting to get a license for feature 'Implementation' and/or device 'xc7z010'
INFO: [Common 17-349] Got license for feature 'Implementation' and/or device 'xc7z010'
INFO: [DRC 23-27] Running DRC with 2 threads
INFO: [Vivado_Tcl 4-198] DRC finished with 0 Errors
INFO: [Vivado_Tcl 4-199] Please refer to the DRC report (report_drc) for more information.
Running DRC as a precondition to command place_design
INFO: [DRC 23-27] Running DRC with 2 threads
INFO: [Vivado_Tcl 4-198] DRC finished with 0 Errors
INFO: [Vivado_Tcl 4-199] Please refer to the DRC report (report_drc) for more information.

Starting Placer Task
INFO: [Place 30-611] Multithreading enabled for place_design using a maximum of 2 CPUs

Phase 1 Placer Initialization

Phase 1.1 Placer Initialization Netlist Sorting
Netlist sorting complete. Time (s): cpu = 00:00:00 ; elapsed = 00:00:00.010 . Memory (MB): peak = 1217.824 ; gain = 0.000
Phase 1.1 Placer Initialization Netlist Sorting | Checksum: e029d279

Time (s): cpu = 00:00:00 ; elapsed = 00:00:00.028 . Memory (MB): peak = 1217.824 ; gain = 0.000
Netlist sorting complete. Time (s): cpu = 00:00:00 ; elapsed = 00:00:00.006 . Memory (MB): peak = 1217.824 ; gain = 0.000

Phase 1.2 IO Placement/ Clock Placement/ Build Placer Device
INFO: [Timing 38-35] Done setting XDC timing constraints.
Phase 1.2 IO Placement/ Clock Placement/ Build Placer Device | Checksum: 51bc5750

Time (s): cpu = 00:00:02 ; elapsed = 00:00:03 . Memory (MB): peak = 1217.824 ; gain = 0.000

Phase 1.3 Build Placer Netlist Model
Phase 1.3 Build Placer Netlist Model | Checksum: 819ef8e2

Time (s): cpu = 00:00:03 ; elapsed = 00:00:04 . Memory (MB): peak = 1217.824 ; gain = 0.000

Phase 1.4 Constrain Clocks/Macros
Phase 1.4 Constrain Clocks/Macros | Checksum: 819ef8e2

Time (s): cpu = 00:00:03 ; elapsed = 00:00:04 . Memory (MB): peak = 1217.824 ; gain = 0.000
Phase 1 Placer Initialization | Checksum: 819ef8e2

Time (s): cpu = 00:00:03 ; elapsed = 00:00:04 . Memory (MB): peak = 1217.824 ; gain = 0.000

Phase 2 Global Placement

Phase 2.1 Floorplanning
Phase 2.1 Floorplanning | Checksum: e45fa93f

Time (s): cpu = 00:00:04 ; elapsed = 00:00:04 . Memory (MB): peak = 1217.824 ; gain = 0.000

Phase 2.2 Physical Synthesis In Placer
INFO: [Physopt 32-65] No nets found for high-fanout optimization.
INFO: [Physopt 32-232] Optimized 0 net. Created 0 new instance.
INFO: [Physopt 32-775] End 1 Pass. Optimized 0 net or cell. Created 0 new cell, deleted 0 existing cell and moved 0 existing cell
Netlist sorting complete. Time (s): cpu = 00:00:00 ; elapsed = 00:00:00.010 . Memory (MB): peak = 1217.824 ; gain = 0.000

Summary of Physical Synthesis Optimizations
============================================


-----------------------------------------------------------------------------------------------------------------------------
|  Optimization       |  Added Cells  |  Removed Cells  |  Optimized Cells/Nets  |  Dont Touch  |  Iterations  |  Elapsed   |
-----------------------------------------------------------------------------------------------------------------------------
|  Very High Fanout   |            0  |              0  |                     0  |           0  |           1  |  00:00:00  |
|  Total              |            0  |              0  |                     0  |           0  |           1  |  00:00:00  |
-----------------------------------------------------------------------------------------------------------------------------


Phase 2.2 Physical Synthesis In Placer | Checksum: a0c29a66

Time (s): cpu = 00:00:09 ; elapsed = 00:00:08 . Memory (MB): peak = 1217.824 ; gain = 0.000
Phase 2 Global Placement | Checksum: e0062c9a

Time (s): cpu = 00:00:09 ; elapsed = 00:00:08 . Memory (MB): peak = 1217.824 ; gain = 0.000

Phase 3 Detail Placement

Phase 3.1 Commit Multi Column Macros
Phase 3.1 Commit Multi Column Macros | Checksum: e0062c9a

Time (s): cpu = 00:00:09 ; elapsed = 00:00:08 . Memory (MB): peak = 1217.824 ; gain = 0.000

Phase 3.2 Commit Most Macros & LUTRAMs
Phase 3.2 Commit Most Macros & LUTRAMs | Checksum: 10830f74a

Time (s): cpu = 00:00:10 ; elapsed = 00:00:09 . Memory (MB): peak = 1217.824 ; gain = 0.000

Phase 3.3 Area Swap Optimization
Phase 3.3 Area Swap Optimization | Checksum: 1c9e36b72

Time (s): cpu = 00:00:10 ; elapsed = 00:00:09 . Memory (MB): peak = 1217.824 ; gain = 0.000

Phase 3.4 Pipeline Register Optimization
Phase 3.4 Pipeline Register Optimization | Checksum: 1c9e36b72

Time (s): cpu = 00:00:10 ; elapsed = 00:00:09 . Memory (MB): peak = 1217.824 ; gain = 0.000

Phase 3.5 Small Shape Detail Placement
Phase 3.5 Small Shape Detail Placement | Checksum: 1bc75a4a6

Time (s): cpu = 00:00:11 ; elapsed = 00:00:11 . Memory (MB): peak = 1217.824 ; gain = 0.000

Phase 3.6 Re-assign LUT pins
Phase 3.6 Re-assign LUT pins | Checksum: 11a1dd475

Time (s): cpu = 00:00:12 ; elapsed = 00:00:11 . Memory (MB): peak = 1217.824 ; gain = 0.000

Phase 3.7 Pipeline Register Optimization
Phase 3.7 Pipeline Register Optimization | Checksum: 11a1dd475

Time (s): cpu = 00:00:12 ; elapsed = 00:00:11 . Memory (MB): peak = 1217.824 ; gain = 0.000
Phase 3 Detail Placement | Checksum: 11a1dd475

Time (s): cpu = 00:00:12 ; elapsed = 00:00:11 . Memory (MB): peak = 1217.824 ; gain = 0.000

Phase 4 Post Placement Optimization and Clean-Up

Phase 4.1 Post Commit Optimization
INFO: [Timing 38-35] Done setting XDC timing constraints.

Phase 4.1.1 Post Placement Optimization
Post Placement Optimization Initialization | Checksum: 1187f872c

Phase 4.1.1.1 BUFG Insertion
INFO: [Place 46-31] BUFG insertion identified 0 candidate nets, 0 success, 0 skipped for placement/routing, 0 skipped for timing, 0 skipped for netlist change reason.
Phase 4.1.1.1 BUFG Insertion | Checksum: 1187f872c

Time (s): cpu = 00:00:13 ; elapsed = 00:00:12 . Memory (MB): peak = 1225.594 ; gain = 7.770
INFO: [Place 30-746] Post Placement Timing Summary WNS=12.594. For the most accurate timing information please run report_timing.
Phase 4.1.1 Post Placement Optimization | Checksum: 142b60aec

Time (s): cpu = 00:00:13 ; elapsed = 00:00:12 . Memory (MB): peak = 1225.594 ; gain = 7.770
Phase 4.1 Post Commit Optimization | Checksum: 142b60aec

Time (s): cpu = 00:00:13 ; elapsed = 00:00:12 . Memory (MB): peak = 1225.594 ; gain = 7.770

Phase 4.2 Post Placement Cleanup
Phase 4.2 Post Placement Cleanup | Checksum: 142b60aec

Time (s): cpu = 00:00:13 ; elapsed = 00:00:12 . Memory (MB): peak = 1225.594 ; gain = 7.770

Phase 4.3 Placer Reporting
Phase 4.3 Placer Reporting | Checksum: 142b60aec

Time (s): cpu = 00:00:13 ; elapsed = 00:00:12 . Memory (MB): peak = 1225.594 ; gain = 7.770

Phase 4.4 Final Placement Cleanup
Phase 4.4 Final Placement Cleanup | Checksum: 14e8076ed

Time (s): cpu = 00:00:13 ; elapsed = 00:00:12 . Memory (MB): peak = 1225.594 ; gain = 7.770
Phase 4 Post Placement Optimization and Clean-Up | Checksum: 14e8076ed

Time (s): cpu = 00:00:13 ; elapsed = 00:00:12 . Memory (MB): peak = 1225.594 ; gain = 7.770
Ending Placer Task | Checksum: e5e08086

Time (s): cpu = 00:00:13 ; elapsed = 00:00:12 . Memory (MB): peak = 1225.594 ; gain = 7.770
INFO: [Common 17-83] Releasing license: Implementation
49 Infos, 1 Warnings, 0 Critical Warnings and 0 Errors encountered.
place_design completed successfully
place_design: Time (s): cpu = 00:00:17 ; elapsed = 00:00:15 . Memory (MB): peak = 1225.594 ; gain = 7.770
INFO: [Timing 38-480] Writing timing data to binary archive.
Writing placer database...
Writing XDEF routing.
Writing XDEF routing logical nets.
Writing XDEF routing special nets.
Write XDEF Complete: Time (s): cpu = 00:00:01 ; elapsed = 00:00:00.507 . Memory (MB): peak = 1234.023 ; gain = 8.430
INFO: [Common 17-1381] The checkpoint 'C:/Users/Emerson/Documents/fpga/project_ebaz_blink/project_ebaz_blink.runs/impl_1/design_1_wrapper_placed.dcp' has been generated.
INFO: [runtcl-4] Executing : report_io -file design_1_wrapper_io_placed.rpt
report_io: Time (s): cpu = 00:00:00 ; elapsed = 00:00:00.088 . Memory (MB): peak = 1234.023 ; gain = 0.000
INFO: [runtcl-4] Executing : report_utilization -file design_1_wrapper_utilization_placed.rpt -pb design_1_wrapper_utilization_placed.pb
report_utilization: Time (s): cpu = 00:00:00 ; elapsed = 00:00:00.096 . Memory (MB): peak = 1234.023 ; gain = 0.000
INFO: [runtcl-4] Executing : report_control_sets -verbose -file design_1_wrapper_control_sets_placed.rpt
report_control_sets: Time (s): cpu = 00:00:00 ; elapsed = 00:00:00.046 . Memory (MB): peak = 1234.023 ; gain = 0.000
Command: route_design
Attempting to get a license for feature 'Implementation' and/or device 'xc7z010'
INFO: [Common 17-349] Got license for feature 'Implementation' and/or device 'xc7z010'
Running DRC as a precondition to command route_design
INFO: [DRC 23-27] Running DRC with 2 threads
INFO: [Vivado_Tcl 4-198] DRC finished with 0 Errors
INFO: [Vivado_Tcl 4-199] Please refer to the DRC report (report_drc) for more information.


Starting Routing Task
INFO: [Route 35-254] Multithreading enabled for route_design using a maximum of 2 CPUs
Checksum: PlaceDB: d92e09f ConstDB: 0 ShapeSum: d84d9fe7 RouteDB: 0

Phase 1 Build RT Design
Phase 1 Build RT Design | Checksum: ca35d77c

Time (s): cpu = 00:00:22 ; elapsed = 00:00:20 . Memory (MB): peak = 1285.996 ; gain = 51.973
Post Restoration Checksum: NetGraph: 40e03a1e NumContArr: 89559d5e Constraints: 0 Timing: 0

Phase 2 Router Initialization

Phase 2.1 Create Timer
Phase 2.1 Create Timer | Checksum: ca35d77c

Time (s): cpu = 00:00:22 ; elapsed = 00:00:20 . Memory (MB): peak = 1285.996 ; gain = 51.973

Phase 2.2 Fix Topology Constraints
Phase 2.2 Fix Topology Constraints | Checksum: ca35d77c

Time (s): cpu = 00:00:22 ; elapsed = 00:00:20 . Memory (MB): peak = 1292.008 ; gain = 57.984

Phase 2.3 Pre Route Cleanup
Phase 2.3 Pre Route Cleanup | Checksum: ca35d77c

Time (s): cpu = 00:00:22 ; elapsed = 00:00:20 . Memory (MB): peak = 1292.008 ; gain = 57.984
 Number of Nodes with overlaps = 0

Phase 2.4 Update Timing
Phase 2.4 Update Timing | Checksum: 8ea77546

Time (s): cpu = 00:00:23 ; elapsed = 00:00:21 . Memory (MB): peak = 1298.078 ; gain = 64.055
INFO: [Route 35-416] Intermediate Timing Summary | WNS=12.902 | TNS=0.000  | WHS=-0.089 | THS=-2.754 |

Phase 2 Router Initialization | Checksum: 9f617b9d

Time (s): cpu = 00:00:24 ; elapsed = 00:00:22 . Memory (MB): peak = 1302.184 ; gain = 68.160

Phase 3 Initial Routing
Phase 3 Initial Routing | Checksum: 1f3425a3a

Time (s): cpu = 00:00:25 ; elapsed = 00:00:22 . Memory (MB): peak = 1304.930 ; gain = 70.906

Phase 4 Rip-up And Reroute

Phase 4.1 Global Iteration 0
 Number of Nodes with overlaps = 297
 Number of Nodes with overlaps = 0
INFO: [Route 35-416] Intermediate Timing Summary | WNS=8.509  | TNS=0.000  | WHS=N/A    | THS=N/A    |

Phase 4.1 Global Iteration 0 | Checksum: 82a5a015

Time (s): cpu = 00:00:28 ; elapsed = 00:00:24 . Memory (MB): peak = 1304.930 ; gain = 70.906

Phase 4.2 Global Iteration 1
 Number of Nodes with overlaps = 1
 Number of Nodes with overlaps = 0
INFO: [Route 35-416] Intermediate Timing Summary | WNS=8.509  | TNS=0.000  | WHS=N/A    | THS=N/A    |

Phase 4.2 Global Iteration 1 | Checksum: 21d0aa615

Time (s): cpu = 00:00:28 ; elapsed = 00:00:24 . Memory (MB): peak = 1304.930 ; gain = 70.906
Phase 4 Rip-up And Reroute | Checksum: 21d0aa615

Time (s): cpu = 00:00:28 ; elapsed = 00:00:24 . Memory (MB): peak = 1304.930 ; gain = 70.906

Phase 5 Delay and Skew Optimization

Phase 5.1 Delay CleanUp
Phase 5.1 Delay CleanUp | Checksum: 21d0aa615

Time (s): cpu = 00:00:28 ; elapsed = 00:00:24 . Memory (MB): peak = 1304.930 ; gain = 70.906

Phase 5.2 Clock Skew Optimization
Phase 5.2 Clock Skew Optimization | Checksum: 21d0aa615

Time (s): cpu = 00:00:28 ; elapsed = 00:00:24 . Memory (MB): peak = 1304.930 ; gain = 70.906
Phase 5 Delay and Skew Optimization | Checksum: 21d0aa615

Time (s): cpu = 00:00:28 ; elapsed = 00:00:24 . Memory (MB): peak = 1304.930 ; gain = 70.906

Phase 6 Post Hold Fix

Phase 6.1 Hold Fix Iter

Phase 6.1.1 Update Timing
Phase 6.1.1 Update Timing | Checksum: 179644ef1

Time (s): cpu = 00:00:29 ; elapsed = 00:00:24 . Memory (MB): peak = 1304.930 ; gain = 70.906
INFO: [Route 35-416] Intermediate Timing Summary | WNS=8.522  | TNS=0.000  | WHS=0.165  | THS=0.000  |

Phase 6.1 Hold Fix Iter | Checksum: 2030acccd

Time (s): cpu = 00:00:29 ; elapsed = 00:00:24 . Memory (MB): peak = 1304.930 ; gain = 70.906
Phase 6 Post Hold Fix | Checksum: 2030acccd

Time (s): cpu = 00:00:29 ; elapsed = 00:00:24 . Memory (MB): peak = 1304.930 ; gain = 70.906

Phase 7 Route finalize

Router Utilization Summary
  Global Vertical Routing Utilization    = 1.5107 %
  Global Horizontal Routing Utilization  = 2.19118 %
  Routable Net Status*
  *Does not include unroutable nets such as driverless and loadless.
  Run report_route_status for detailed report.
  Number of Failed Nets               = 0
  Number of Unrouted Nets             = 0
  Number of Partially Routed Nets     = 0
  Number of Node Overlaps             = 0

Phase 7 Route finalize | Checksum: 1c7accb04

Time (s): cpu = 00:00:29 ; elapsed = 00:00:24 . Memory (MB): peak = 1304.930 ; gain = 70.906

Phase 8 Verifying routed nets

 Verification completed successfully
Phase 8 Verifying routed nets | Checksum: 1c7accb04

Time (s): cpu = 00:00:29 ; elapsed = 00:00:24 . Memory (MB): peak = 1304.930 ; gain = 70.906

Phase 9 Depositing Routes
Phase 9 Depositing Routes | Checksum: 1dcff0086

Time (s): cpu = 00:00:29 ; elapsed = 00:00:25 . Memory (MB): peak = 1304.930 ; gain = 70.906

Phase 10 Post Router Timing
INFO: [Route 35-57] Estimated Timing Summary | WNS=8.522  | TNS=0.000  | WHS=0.165  | THS=0.000  |

INFO: [Route 35-327] The final timing numbers are based on the router estimated timing analysis. For a complete and accurate timing signoff, please run report_timing_summary.
Phase 10 Post Router Timing | Checksum: 1dcff0086

Time (s): cpu = 00:00:29 ; elapsed = 00:00:25 . Memory (MB): peak = 1304.930 ; gain = 70.906
INFO: [Route 35-16] Router Completed Successfully

Time (s): cpu = 00:00:29 ; elapsed = 00:00:25 . Memory (MB): peak = 1304.930 ; gain = 70.906

Routing Is Done.
INFO: [Common 17-83] Releasing license: Implementation
67 Infos, 1 Warnings, 0 Critical Warnings and 0 Errors encountered.
route_design completed successfully
route_design: Time (s): cpu = 00:00:32 ; elapsed = 00:00:27 . Memory (MB): peak = 1304.930 ; gain = 70.906
INFO: [Timing 38-480] Writing timing data to binary archive.
Writing placer database...
Writing XDEF routing.
Writing XDEF routing logical nets.
Writing XDEF routing special nets.
Write XDEF Complete: Time (s): cpu = 00:00:02 ; elapsed = 00:00:00.739 . Memory (MB): peak = 1309.215 ; gain = 4.285
INFO: [Common 17-1381] The checkpoint 'C:/Users/Emerson/Documents/fpga/project_ebaz_blink/project_ebaz_blink.runs/impl_1/design_1_wrapper_routed.dcp' has been generated.
INFO: [runtcl-4] Executing : report_drc -file design_1_wrapper_drc_routed.rpt -pb design_1_wrapper_drc_routed.pb -rpx design_1_wrapper_drc_routed.rpx
Command: report_drc -file design_1_wrapper_drc_routed.rpt -pb design_1_wrapper_drc_routed.pb -rpx design_1_wrapper_drc_routed.rpx
INFO: [DRC 23-27] Running DRC with 2 threads
INFO: [Coretcl 2-168] The results of DRC are in file C:/Users/Emerson/Documents/fpga/project_ebaz_blink/project_ebaz_blink.runs/impl_1/design_1_wrapper_drc_routed.rpt.
report_drc completed successfully
INFO: [runtcl-4] Executing : report_methodology -file design_1_wrapper_methodology_drc_routed.rpt -pb design_1_wrapper_methodology_drc_routed.pb -rpx design_1_wrapper_methodology_drc_routed.rpx
Command: report_methodology -file design_1_wrapper_methodology_drc_routed.rpt -pb design_1_wrapper_methodology_drc_routed.pb -rpx design_1_wrapper_methodology_drc_routed.rpx
INFO: [Timing 38-35] Done setting XDC timing constraints.
INFO: [Timing 38-35] Done setting XDC timing constraints.
INFO: [DRC 23-133] Running Methodology with 2 threads
INFO: [Coretcl 2-1520] The results of Report Methodology are in file C:/Users/Emerson/Documents/fpga/project_ebaz_blink/project_ebaz_blink.runs/impl_1/design_1_wrapper_methodology_drc_routed.rpt.
report_methodology completed successfully
INFO: [runtcl-4] Executing : report_power -file design_1_wrapper_power_routed.rpt -pb design_1_wrapper_power_summary_routed.pb -rpx design_1_wrapper_power_routed.rpx
Command: report_power -file design_1_wrapper_power_routed.rpt -pb design_1_wrapper_power_summary_routed.pb -rpx design_1_wrapper_power_routed.rpx
INFO: [Timing 38-35] Done setting XDC timing constraints.
Running Vector-less Activity Propagation...

Finished Running Vector-less Activity Propagation
79 Infos, 1 Warnings, 0 Critical Warnings and 0 Errors encountered.
report_power completed successfully
INFO: [runtcl-4] Executing : report_route_status -file design_1_wrapper_route_status.rpt -pb design_1_wrapper_route_status.pb
INFO: [runtcl-4] Executing : report_timing_summary -max_paths 10 -file design_1_wrapper_timing_summary_routed.rpt -pb design_1_wrapper_timing_summary_routed.pb -rpx design_1_wrapper_timing_summary_routed.rpx -warn_on_violation 
INFO: [Timing 38-91] UpdateTimingParams: Speed grade: -1, Delay Type: min_max, Timing Stage: Requireds.
INFO: [Timing 38-191] Multithreading enabled for timing update using a maximum of 2 CPUs
INFO: [runtcl-4] Executing : report_incremental_reuse -file design_1_wrapper_incremental_reuse_routed.rpt
INFO: [Vivado_Tcl 4-545] No incremental reuse to report, no incremental placement and routing data was found.
INFO: [runtcl-4] Executing : report_clock_utilization -file design_1_wrapper_clock_utilization_routed.rpt
INFO: [runtcl-4] Executing : report_bus_skew -warn_on_violation -file design_1_wrapper_bus_skew_routed.rpt -pb design_1_wrapper_bus_skew_routed.pb -rpx design_1_wrapper_bus_skew_routed.rpx
INFO: [Timing 38-91] UpdateTimingParams: Speed grade: -1, Delay Type: min_max, Timing Stage: Requireds.
INFO: [Timing 38-191] Multithreading enabled for timing update using a maximum of 2 CPUs
Command: write_bitstream -force design_1_wrapper.bit
Attempting to get a license for feature 'Implementation' and/or device 'xc7z010'
INFO: [Common 17-349] Got license for feature 'Implementation' and/or device 'xc7z010'
Running DRC as a precondition to command write_bitstream
INFO: [DRC 23-27] Running DRC with 2 threads
INFO: [Vivado 12-3199] DRC finished with 0 Errors
INFO: [Vivado 12-3200] Please refer to the DRC report (report_drc) for more information.
INFO: [Designutils 20-2272] Running write_bitstream with 2 threads.
Loading data files...
Loading site data...
Loading route data...
Processing options...
Creating bitmap...
Creating bitstream...
Writing bitstream ./design_1_wrapper.bit...
INFO: [Vivado 12-1842] Bitgen Completed Successfully.
INFO: [Project 1-120] WebTalk data collection is mandatory when using a WebPACK part without a full Vivado license. To see the specific WebTalk data collected for your design, open the usage_statistics_webtalk.html or usage_statistics_webtalk.xml file in the implementation directory.
INFO: [Common 17-83] Releasing license: Implementation
97 Infos, 1 Warnings, 0 Critical Warnings and 0 Errors encountered.
write_bitstream completed successfully
write_bitstream: Time (s): cpu = 00:00:24 ; elapsed = 00:00:22 . Memory (MB): peak = 1771.613 ; gain = 418.453
INFO: [Common 17-206] Exiting Vivado at Fri May  8 14:35:17 2026...
